#options: 1920x1080 fps=30/1 timebase=1/30 bitdepth=10 cabac=1 ref=1 deblock=1:0:0 analyse=0x1:0 me=dia subme=2 psy=1 psy_rd=1.00:0.00 mixed_ref=0 me_range=16 chroma_me=1 trellis=0 8x8dct=0 cqm=0 deadzone=21,11 fast_pskip=1 chroma_qp_offset=0 threads=24 lookahead_threads=8 sliced_threads=0 nr=0 decimate=1 interlaced=0 bluray_compat=0 constrained_intra=0 bframes=3 b_pyramid=2 b_adapt=1 b_bias=0 direct=1 weightb=1 open_gop=0 weightp=2 keyint=250 keyint_min=25 scenecut=40 intra_refresh=0 rc_lookahead=40 rc=crf mbtree=1 crf=23.0 qcomp=0.60 qpmin=0 qpmax=81 qpstep=4 ip_ratio=1.40 aq=1:1.00
in:0 out:0 type:I dur:2 cpbdur:2 q:41.03 aq:17.00 tex:470 mv:1944 misc:5962 imb:8160 pmb:0 smb:0 d:- ref:;
in:4 out:1 type:P dur:2 cpbdur:2 q:41.03 aq:17.00 tex:0 mv:0 misc:424 imb:0 pmb:0 smb:8160 d:- ref:0 ;
in:2 out:2 type:B dur:2 cpbdur:2 q:41.03 aq:21.00 tex:0 mv:0 misc:400 imb:0 pmb:0 smb:8160 d:- ref:0 ;
in:1 out:3 type:b dur:2 cpbdur:2 q:41.03 aq:22.00 tex:0 mv:0 misc:400 imb:0 pmb:0 smb:8160 d:- ref:0 ;
in:3 out:4 type:b dur:2 cpbdur:2 q:41.03 aq:22.00 tex:0 mv:0 misc:400 imb:0 pmb:0 smb:8160 d:- ref:0 ;
in:8 out:5 type:P dur:2 cpbdur:2 q:41.03 aq:17.00 tex:0 mv:0 misc:432 imb:0 pmb:0 smb:8160 d:- ref:0 ;
in:6 out:6 type:B dur:2 cpbdur:2 q:41.03 aq:21.00 tex:0 mv:0 misc:416 imb:0 pmb:0 smb:8160 d:- ref:0 ;
in:5 out:7 type:b dur:2 cpbdur:2 q:41.03 aq:22.00 tex:0 mv:0 misc:400 imb:0 pmb:0 smb:8160 d:- ref:0 ;
in:7 out:8 type:b dur:2 cpbdur:2 q:41.03 aq:22.00 tex:0 mv:0 misc:400 imb:0 pmb:0 smb:8160 d:- ref:0 ;
in:12 out:9 type:P dur:2 cpbdur:2 q:41.03 aq:17.00 tex:0 mv:0 misc:432 imb:0 pmb:0 smb:8160 d:- ref:0 ;
in:10 out:10 type:B dur:2 cpbdur:2 q:41.03 aq:21.00 tex:0 mv:0 misc:416 imb:0 pmb:0 smb:8160 d:- ref:0 ;
in:9 out:11 type:b dur:2 cpbdur:2 q:41.03 aq:22.00 tex:0 mv:0 misc:400 imb:0 pmb:0 smb:8160 d:- ref:0 ;
in:11 out:12 type:b dur:2 cpbdur:2 q:41.03 aq:22.00 tex:0 mv:0 misc:400 imb:0 pmb:0 smb:8160 d:- ref:0 ;
in:16 out:13 type:P dur:2 cpbdur:2 q:41.03 aq:17.00 tex:0 mv:0 misc:432 imb:0 pmb:0 smb:8160 d:- ref:0 ;
in:14 out:14 type:B dur:2 cpbdur:2 q:41.03 aq:21.00 tex:0 mv:0 misc:416 imb:0 pmb:0 smb:8160 d:- ref:0 ;
in:13 out:15 type:b dur:2 cpbdur:2 q:41.03 aq:22.00 tex:0 mv:0 misc:400 imb:0 pmb:0 smb:8160 d:- ref:0 ;
in:15 out:16 type:b dur:2 cpbdur:2 q:41.03 aq:22.00 tex:0 mv:0 misc:400 imb:0 pmb:0 smb:8160 d:- ref:0 ;
in:20 out:17 type:P dur:2 cpbdur:2 q:41.03 aq:17.00 tex:0 mv:0 misc:432 imb:0 pmb:0 smb:8160 d:- ref:0 ;
in:18 out:18 type:B dur:2 cpbdur:2 q:41.03 aq:21.00 tex:0 mv:0 misc:416 imb:0 pmb:0 smb:8160 d:- ref:0 ;
in:17 out:19 type:b dur:2 cpbdur:2 q:41.03 aq:22.00 tex:0 mv:0 misc:400 imb:0 pmb:0 smb:8160 d:- ref:0 ;
in:19 out:20 type:b dur:2 cpbdur:2 q:41.03 aq:22.00 tex:0 mv:0 misc:400 imb:0 pmb:0 smb:8160 d:- ref:0 ;
in:24 out:21 type:P dur:2 cpbdur:2 q:41.03 aq:17.00 tex:0 mv:0 misc:432 imb:0 pmb:0 smb:8160 d:- ref:0 ;
in:22 out:22 type:B dur:2 cpbdur:2 q:41.03 aq:21.00 tex:0 mv:0 misc:416 imb:0 pmb:0 smb:8160 d:- ref:0 ;
in:21 out:23 type:b dur:2 cpbdur:2 q:41.03 aq:22.00 tex:0 mv:0 misc:400 imb:0 pmb:0 smb:8160 d:- ref:0 ;
in:23 out:24 type:b dur:2 cpbdur:2 q:41.03 aq:22.00 tex:0 mv:0 misc:400 imb:0 pmb:0 smb:8160 d:- ref:0 ;
in:28 out:25 type:P dur:2 cpbdur:2 q:41.03 aq:17.00 tex:0 mv:0 misc:432 imb:0 pmb:0 smb:8160 d:- ref:0 ;
in:26 out:26 type:B dur:2 cpbdur:2 q:41.03 aq:21.00 tex:0 mv:0 misc:416 imb:0 pmb:0 smb:8160 d:- ref:0 ;
in:25 out:27 type:b dur:2 cpbdur:2 q:41.03 aq:22.00 tex:0 mv:0 misc:400 imb:0 pmb:0 smb:8160 d:- ref:0 ;
in:27 out:28 type:b dur:2 cpbdur:2 q:41.03 aq:22.00 tex:0 mv:0 misc:400 imb:0 pmb:0 smb:8160 d:- ref:0 ;
in:32 out:29 type:P dur:2 cpbdur:2 q:41.03 aq:17.00 tex:0 mv:0 misc:432 imb:0 pmb:0 smb:8160 d:- ref:0 ;
in:30 out:30 type:B dur:2 cpbdur:2 q:41.03 aq:21.00 tex:0 mv:0 misc:416 imb:0 pmb:0 smb:8160 d:- ref:0 ;
in:29 out:31 type:b dur:2 cpbdur:2 q:41.03 aq:22.00 tex:0 mv:0 misc:400 imb:0 pmb:0 smb:8160 d:- ref:0 ;
in:31 out:32 type:b dur:2 cpbdur:2 q:41.03 aq:22.00 tex:0 mv:0 misc:400 imb:0 pmb:0 smb:8160 d:- ref:0 ;
in:36 out:33 type:P dur:2 cpbdur:2 q:41.03 aq:17.00 tex:0 mv:0 misc:432 imb:0 pmb:0 smb:8160 d:- ref:0 ;
in:34 out:34 type:B dur:2 cpbdur:2 q:41.03 aq:21.00 tex:0 mv:0 misc:416 imb:0 pmb:0 smb:8160 d:- ref:0 ;
in:33 out:35 type:b dur:2 cpbdur:2 q:41.03 aq:22.00 tex:0 mv:0 misc:400 imb:0 pmb:0 smb:8160 d:- ref:0 ;
in:35 out:36 type:b dur:2 cpbdur:2 q:41.03 aq:22.00 tex:0 mv:0 misc:400 imb:0 pmb:0 smb:8160 d:- ref:0 ;
in:40 out:37 type:P dur:2 cpbdur:2 q:41.03 aq:17.00 tex:0 mv:0 misc:432 imb:0 pmb:0 smb:8160 d:- ref:0 ;
in:38 out:38 type:B dur:2 cpbdur:2 q:41.03 aq:21.00 tex:0 mv:0 misc:416 imb:0 pmb:0 smb:8160 d:- ref:0 ;
in:37 out:39 type:b dur:2 cpbdur:2 q:41.03 aq:22.00 tex:0 mv:0 misc:400 imb:0 pmb:0 smb:8160 d:- ref:0 ;
in:39 out:40 type:b dur:2 cpbdur:2 q:41.03 aq:22.00 tex:0 mv:0 misc:400 imb:0 pmb:0 smb:8160 d:- ref:0 ;
in:44 out:41 type:P dur:2 cpbdur:2 q:41.03 aq:17.00 tex:0 mv:0 misc:432 imb:0 pmb:0 smb:8160 d:- ref:0 ;
in:42 out:42 type:B dur:2 cpbdur:2 q:41.03 aq:21.00 tex:0 mv:0 misc:416 imb:0 pmb:0 smb:8160 d:- ref:0 ;
in:41 out:43 type:b dur:2 cpbdur:2 q:41.03 aq:22.00 tex:0 mv:0 misc:400 imb:0 pmb:0 smb:8160 d:- ref:0 ;
in:43 out:44 type:b dur:2 cpbdur:2 q:41.03 aq:22.00 tex:0 mv:0 misc:400 imb:0 pmb:0 smb:8160 d:- ref:0 ;
in:48 out:45 type:P dur:2 cpbdur:2 q:41.03 aq:17.00 tex:0 mv:0 misc:432 imb:0 pmb:0 smb:8160 d:- ref:0 ;
in:46 out:46 type:B dur:2 cpbdur:2 q:41.03 aq:21.00 tex:0 mv:0 misc:416 imb:0 pmb:0 smb:8160 d:- ref:0 ;
in:45 out:47 type:b dur:2 cpbdur:2 q:41.03 aq:22.00 tex:0 mv:0 misc:400 imb:0 pmb:0 smb:8160 d:- ref:0 ;
in:47 out:48 type:b dur:2 cpbdur:2 q:41.03 aq:22.00 tex:0 mv:0 misc:400 imb:0 pmb:0 smb:8160 d:- ref:0 ;
in:52 out:49 type:P dur:2 cpbdur:2 q:41.03 aq:17.00 tex:0 mv:0 misc:432 imb:0 pmb:0 smb:8160 d:- ref:0 ;
in:50 out:50 type:B dur:2 cpbdur:2 q:41.03 aq:21.00 tex:0 mv:0 misc:416 imb:0 pmb:0 smb:8160 d:- ref:0 ;
in:49 out:51 type:b dur:2 cpbdur:2 q:41.03 aq:22.00 tex:0 mv:0 misc:400 imb:0 pmb:0 smb:8160 d:- ref:0 ;
in:51 out:52 type:b dur:2 cpbdur:2 q:41.03 aq:22.00 tex:0 mv:0 misc:400 imb:0 pmb:0 smb:8160 d:- ref:0 ;
in:56 out:53 type:P dur:2 cpbdur:2 q:41.03 aq:17.00 tex:0 mv:0 misc:432 imb:0 pmb:0 smb:8160 d:- ref:0 ;
in:54 out:54 type:B dur:2 cpbdur:2 q:41.03 aq:21.00 tex:0 mv:0 misc:416 imb:0 pmb:0 smb:8160 d:- ref:0 ;
in:53 out:55 type:b dur:2 cpbdur:2 q:41.03 aq:22.00 tex:0 mv:0 misc:400 imb:0 pmb:0 smb:8160 d:- ref:0 ;
in:55 out:56 type:b dur:2 cpbdur:2 q:41.03 aq:22.00 tex:0 mv:0 misc:400 imb:0 pmb:0 smb:8160 d:- ref:0 ;
in:60 out:57 type:P dur:2 cpbdur:2 q:41.03 aq:17.00 tex:0 mv:0 misc:432 imb:0 pmb:0 smb:8160 d:- ref:0 ;
in:58 out:58 type:B dur:2 cpbdur:2 q:41.03 aq:21.00 tex:0 mv:0 misc:416 imb:0 pmb:0 smb:8160 d:- ref:0 ;
in:57 out:59 type:b dur:2 cpbdur:2 q:41.03 aq:22.00 tex:0 mv:0 misc:400 imb:0 pmb:0 smb:8160 d:- ref:0 ;
in:59 out:60 type:b dur:2 cpbdur:2 q:41.03 aq:22.00 tex:0 mv:0 misc:400 imb:0 pmb:0 smb:8160 d:- ref:0 ;
in:64 out:61 type:P dur:2 cpbdur:2 q:41.03 aq:17.00 tex:0 mv:0 misc:432 imb:0 pmb:0 smb:8160 d:- ref:0 ;
in:62 out:62 type:B dur:2 cpbdur:2 q:41.03 aq:21.00 tex:0 mv:0 misc:416 imb:0 pmb:0 smb:8160 d:- ref:0 ;
in:61 out:63 type:b dur:2 cpbdur:2 q:41.03 aq:22.00 tex:0 mv:0 misc:400 imb:0 pmb:0 smb:8160 d:- ref:0 ;
in:63 out:64 type:b dur:2 cpbdur:2 q:41.03 aq:22.00 tex:0 mv:0 misc:400 imb:0 pmb:0 smb:8160 d:- ref:0 ;
in:68 out:65 type:P dur:2 cpbdur:2 q:41.03 aq:17.00 tex:0 mv:0 misc:432 imb:0 pmb:0 smb:8160 d:- ref:0 ;
in:66 out:66 type:B dur:2 cpbdur:2 q:41.03 aq:21.00 tex:0 mv:0 misc:416 imb:0 pmb:0 smb:8160 d:- ref:0 ;
in:65 out:67 type:b dur:2 cpbdur:2 q:41.03 aq:22.00 tex:0 mv:0 misc:400 imb:0 pmb:0 smb:8160 d:- ref:0 ;
in:67 out:68 type:b dur:2 cpbdur:2 q:41.03 aq:22.00 tex:0 mv:0 misc:400 imb:0 pmb:0 smb:8160 d:- ref:0 ;
in:72 out:69 type:P dur:2 cpbdur:2 q:41.03 aq:17.00 tex:0 mv:0 misc:432 imb:0 pmb:0 smb:8160 d:- ref:0 ;
in:70 out:70 type:B dur:2 cpbdur:2 q:41.03 aq:21.00 tex:0 mv:0 misc:416 imb:0 pmb:0 smb:8160 d:- ref:0 ;
in:69 out:71 type:b dur:2 cpbdur:2 q:41.03 aq:22.00 tex:0 mv:0 misc:400 imb:0 pmb:0 smb:8160 d:- ref:0 ;
in:71 out:72 type:b dur:2 cpbdur:2 q:41.03 aq:22.00 tex:0 mv:0 misc:400 imb:0 pmb:0 smb:8160 d:- ref:0 ;
in:76 out:73 type:P dur:2 cpbdur:2 q:41.03 aq:17.00 tex:0 mv:0 misc:432 imb:0 pmb:0 smb:8160 d:- ref:0 ;
in:74 out:74 type:B dur:2 cpbdur:2 q:41.03 aq:21.00 tex:0 mv:0 misc:416 imb:0 pmb:0 smb:8160 d:- ref:0 ;
in:73 out:75 type:b dur:2 cpbdur:2 q:41.03 aq:22.00 tex:0 mv:0 misc:400 imb:0 pmb:0 smb:8160 d:- ref:0 ;
in:75 out:76 type:b dur:2 cpbdur:2 q:41.03 aq:22.00 tex:0 mv:0 misc:400 imb:0 pmb:0 smb:8160 d:- ref:0 ;
in:80 out:77 type:P dur:2 cpbdur:2 q:41.03 aq:17.00 tex:0 mv:0 misc:432 imb:0 pmb:0 smb:8160 d:- ref:0 ;
in:78 out:78 type:B dur:2 cpbdur:2 q:41.03 aq:21.00 tex:0 mv:0 misc:416 imb:0 pmb:0 smb:8160 d:- ref:0 ;
in:77 out:79 type:b dur:2 cpbdur:2 q:41.03 aq:22.00 tex:0 mv:0 misc:400 imb:0 pmb:0 smb:8160 d:- ref:0 ;
in:79 out:80 type:b dur:2 cpbdur:2 q:41.03 aq:22.00 tex:0 mv:0 misc:400 imb:0 pmb:0 smb:8160 d:- ref:0 ;
in:84 out:81 type:P dur:2 cpbdur:2 q:41.03 aq:17.00 tex:0 mv:0 misc:432 imb:0 pmb:0 smb:8160 d:- ref:0 ;
in:82 out:82 type:B dur:2 cpbdur:2 q:41.03 aq:21.00 tex:0 mv:0 misc:416 imb:0 pmb:0 smb:8160 d:- ref:0 ;
in:81 out:83 type:b dur:2 cpbdur:2 q:41.03 aq:22.00 tex:0 mv:0 misc:400 imb:0 pmb:0 smb:8160 d:- ref:0 ;
in:83 out:84 type:b dur:2 cpbdur:2 q:41.03 aq:22.00 tex:0 mv:0 misc:400 imb:0 pmb:0 smb:8160 d:- ref:0 ;
in:88 out:85 type:P dur:2 cpbdur:2 q:41.03 aq:17.00 tex:0 mv:0 misc:432 imb:0 pmb:0 smb:8160 d:- ref:0 ;
in:86 out:86 type:B dur:2 cpbdur:2 q:41.03 aq:21.00 tex:0 mv:0 misc:416 imb:0 pmb:0 smb:8160 d:- ref:0 ;
in:85 out:87 type:b dur:2 cpbdur:2 q:41.03 aq:22.00 tex:0 mv:0 misc:400 imb:0 pmb:0 smb:8160 d:- ref:0 ;
in:87 out:88 type:b dur:2 cpbdur:2 q:41.03 aq:22.00 tex:0 mv:0 misc:400 imb:0 pmb:0 smb:8160 d:- ref:0 ;
in:92 out:89 type:P dur:2 cpbdur:2 q:41.03 aq:17.00 tex:0 mv:0 misc:432 imb:0 pmb:0 smb:8160 d:- ref:0 ;
in:90 out:90 type:B dur:2 cpbdur:2 q:41.03 aq:21.00 tex:0 mv:0 misc:416 imb:0 pmb:0 smb:8160 d:- ref:0 ;
in:89 out:91 type:b dur:2 cpbdur:2 q:41.03 aq:22.00 tex:0 mv:0 misc:400 imb:0 pmb:0 smb:8160 d:- ref:0 ;
in:91 out:92 type:b dur:2 cpbdur:2 q:41.03 aq:22.00 tex:0 mv:0 misc:400 imb:0 pmb:0 smb:8160 d:- ref:0 ;
in:96 out:93 type:P dur:2 cpbdur:2 q:41.03 aq:17.00 tex:0 mv:0 misc:432 imb:0 pmb:0 smb:8160 d:- ref:0 ;
in:94 out:94 type:B dur:2 cpbdur:2 q:41.03 aq:21.00 tex:0 mv:0 misc:416 imb:0 pmb:0 smb:8160 d:- ref:0 ;
in:93 out:95 type:b dur:2 cpbdur:2 q:41.03 aq:22.00 tex:0 mv:0 misc:400 imb:0 pmb:0 smb:8160 d:- ref:0 ;
in:95 out:96 type:b dur:2 cpbdur:2 q:41.03 aq:22.00 tex:0 mv:0 misc:400 imb:0 pmb:0 smb:8160 d:- ref:0 ;
in:100 out:97 type:P dur:2 cpbdur:2 q:41.03 aq:17.00 tex:0 mv:0 misc:432 imb:0 pmb:0 smb:8160 d:- ref:0 ;
in:98 out:98 type:B dur:2 cpbdur:2 q:41.03 aq:21.00 tex:0 mv:0 misc:416 imb:0 pmb:0 smb:8160 d:- ref:0 ;
in:97 out:99 type:b dur:2 cpbdur:2 q:41.03 aq:22.00 tex:0 mv:0 misc:400 imb:0 pmb:0 smb:8160 d:- ref:0 ;
in:99 out:100 type:b dur:2 cpbdur:2 q:41.03 aq:22.00 tex:0 mv:0 misc:400 imb:0 pmb:0 smb:8160 d:- ref:0 ;
in:104 out:101 type:P dur:2 cpbdur:2 q:41.03 aq:17.00 tex:0 mv:0 misc:432 imb:0 pmb:0 smb:8160 d:- ref:0 ;
in:102 out:102 type:B dur:2 cpbdur:2 q:41.03 aq:21.00 tex:0 mv:0 misc:416 imb:0 pmb:0 smb:8160 d:- ref:0 ;
in:101 out:103 type:b dur:2 cpbdur:2 q:41.03 aq:22.00 tex:0 mv:0 misc:400 imb:0 pmb:0 smb:8160 d:- ref:0 ;
in:103 out:104 type:b dur:2 cpbdur:2 q:41.03 aq:22.00 tex:0 mv:0 misc:400 imb:0 pmb:0 smb:8160 d:- ref:0 ;
in:108 out:105 type:P dur:2 cpbdur:2 q:41.03 aq:17.00 tex:0 mv:0 misc:432 imb:0 pmb:0 smb:8160 d:- ref:0 ;
in:106 out:106 type:B dur:2 cpbdur:2 q:41.03 aq:21.00 tex:0 mv:0 misc:416 imb:0 pmb:0 smb:8160 d:- ref:0 ;
in:105 out:107 type:b dur:2 cpbdur:2 q:41.03 aq:22.00 tex:0 mv:0 misc:400 imb:0 pmb:0 smb:8160 d:- ref:0 ;
in:107 out:108 type:b dur:2 cpbdur:2 q:41.03 aq:22.00 tex:0 mv:0 misc:400 imb:0 pmb:0 smb:8160 d:- ref:0 ;
in:112 out:109 type:P dur:2 cpbdur:2 q:41.03 aq:17.00 tex:0 mv:0 misc:432 imb:0 pmb:0 smb:8160 d:- ref:0 ;
in:110 out:110 type:B dur:2 cpbdur:2 q:41.03 aq:21.00 tex:0 mv:0 misc:416 imb:0 pmb:0 smb:8160 d:- ref:0 ;
in:109 out:111 type:b dur:2 cpbdur:2 q:41.03 aq:22.00 tex:0 mv:0 misc:400 imb:0 pmb:0 smb:8160 d:- ref:0 ;
in:111 out:112 type:b dur:2 cpbdur:2 q:41.03 aq:22.00 tex:0 mv:0 misc:400 imb:0 pmb:0 smb:8160 d:- ref:0 ;
in:116 out:113 type:P dur:2 cpbdur:2 q:41.03 aq:17.00 tex:0 mv:0 misc:432 imb:0 pmb:0 smb:8160 d:- ref:0 ;
in:114 out:114 type:B dur:2 cpbdur:2 q:41.03 aq:21.00 tex:0 mv:0 misc:416 imb:0 pmb:0 smb:8160 d:- ref:0 ;
in:113 out:115 type:b dur:2 cpbdur:2 q:41.03 aq:22.00 tex:0 mv:0 misc:400 imb:0 pmb:0 smb:8160 d:- ref:0 ;
in:115 out:116 type:b dur:2 cpbdur:2 q:41.03 aq:22.00 tex:0 mv:0 misc:400 imb:0 pmb:0 smb:8160 d:- ref:0 ;
in:120 out:117 type:P dur:2 cpbdur:2 q:41.03 aq:17.00 tex:0 mv:0 misc:432 imb:0 pmb:0 smb:8160 d:- ref:0 ;
in:118 out:118 type:B dur:2 cpbdur:2 q:41.03 aq:21.00 tex:0 mv:0 misc:416 imb:0 pmb:0 smb:8160 d:- ref:0 ;
in:117 out:119 type:b dur:2 cpbdur:2 q:41.03 aq:22.00 tex:0 mv:0 misc:400 imb:0 pmb:0 smb:8160 d:- ref:0 ;
in:119 out:120 type:b dur:2 cpbdur:2 q:41.03 aq:22.00 tex:0 mv:0 misc:400 imb:0 pmb:0 smb:8160 d:- ref:0 ;
in:124 out:121 type:P dur:2 cpbdur:2 q:41.03 aq:17.00 tex:0 mv:0 misc:432 imb:0 pmb:0 smb:8160 d:- ref:0 ;
in:122 out:122 type:B dur:2 cpbdur:2 q:41.03 aq:21.00 tex:0 mv:0 misc:416 imb:0 pmb:0 smb:8160 d:- ref:0 ;
in:121 out:123 type:b dur:2 cpbdur:2 q:41.03 aq:22.00 tex:0 mv:0 misc:400 imb:0 pmb:0 smb:8160 d:- ref:0 ;
in:123 out:124 type:b dur:2 cpbdur:2 q:41.03 aq:22.00 tex:0 mv:0 misc:400 imb:0 pmb:0 smb:8160 d:- ref:0 ;
in:128 out:125 type:P dur:2 cpbdur:2 q:41.03 aq:17.00 tex:0 mv:0 misc:432 imb:0 pmb:0 smb:8160 d:- ref:0 ;
in:126 out:126 type:B dur:2 cpbdur:2 q:41.03 aq:21.00 tex:0 mv:0 misc:416 imb:0 pmb:0 smb:8160 d:- ref:0 ;
in:125 out:127 type:b dur:2 cpbdur:2 q:41.03 aq:22.00 tex:0 mv:0 misc:400 imb:0 pmb:0 smb:8160 d:- ref:0 ;
in:127 out:128 type:b dur:2 cpbdur:2 q:41.03 aq:22.00 tex:0 mv:0 misc:400 imb:0 pmb:0 smb:8160 d:- ref:0 ;
in:132 out:129 type:P dur:2 cpbdur:2 q:41.03 aq:18.00 tex:0 mv:0 misc:432 imb:0 pmb:0 smb:8160 d:- ref:0 ;
in:130 out:130 type:B dur:2 cpbdur:2 q:41.03 aq:21.00 tex:0 mv:0 misc:416 imb:0 pmb:0 smb:8160 d:- ref:0 ;
in:129 out:131 type:b dur:2 cpbdur:2 q:41.03 aq:22.00 tex:0 mv:0 misc:400 imb:0 pmb:0 smb:8160 d:- ref:0 ;
in:131 out:132 type:b dur:2 cpbdur:2 q:41.03 aq:22.00 tex:0 mv:0 misc:400 imb:0 pmb:0 smb:8160 d:- ref:0 ;
in:136 out:133 type:P dur:2 cpbdur:2 q:41.03 aq:18.00 tex:0 mv:0 misc:432 imb:0 pmb:0 smb:8160 d:- ref:0 ;
in:134 out:134 type:B dur:2 cpbdur:2 q:41.03 aq:21.00 tex:0 mv:0 misc:416 imb:0 pmb:0 smb:8160 d:- ref:0 ;
in:133 out:135 type:b dur:2 cpbdur:2 q:41.03 aq:22.00 tex:0 mv:0 misc:400 imb:0 pmb:0 smb:8160 d:- ref:0 ;
in:135 out:136 type:b dur:2 cpbdur:2 q:41.03 aq:22.00 tex:0 mv:0 misc:400 imb:0 pmb:0 smb:8160 d:- ref:0 ;
in:140 out:137 type:P dur:2 cpbdur:2 q:41.03 aq:18.00 tex:0 mv:0 misc:432 imb:0 pmb:0 smb:8160 d:- ref:0 ;
in:138 out:138 type:B dur:2 cpbdur:2 q:41.03 aq:21.00 tex:0 mv:0 misc:416 imb:0 pmb:0 smb:8160 d:- ref:0 ;
in:137 out:139 type:b dur:2 cpbdur:2 q:41.03 aq:22.00 tex:0 mv:0 misc:400 imb:0 pmb:0 smb:8160 d:- ref:0 ;
in:139 out:140 type:b dur:2 cpbdur:2 q:41.03 aq:22.00 tex:0 mv:0 misc:400 imb:0 pmb:0 smb:8160 d:- ref:0 ;
in:144 out:141 type:P dur:2 cpbdur:2 q:41.03 aq:19.00 tex:0 mv:0 misc:432 imb:0 pmb:0 smb:8160 d:- ref:0 ;
in:142 out:142 type:B dur:2 cpbdur:2 q:41.03 aq:21.00 tex:0 mv:0 misc:416 imb:0 pmb:0 smb:8160 d:- ref:0 ;
in:141 out:143 type:b dur:2 cpbdur:2 q:41.03 aq:22.00 tex:0 mv:0 misc:400 imb:0 pmb:0 smb:8160 d:- ref:0 ;
in:143 out:144 type:b dur:2 cpbdur:2 q:41.03 aq:22.00 tex:0 mv:0 misc:400 imb:0 pmb:0 smb:8160 d:- ref:0 ;
in:148 out:145 type:P dur:2 cpbdur:2 q:41.03 aq:21.00 tex:0 mv:0 misc:432 imb:0 pmb:0 smb:8160 d:- ref:0 ;
in:146 out:146 type:B dur:2 cpbdur:2 q:41.03 aq:21.00 tex:0 mv:0 misc:416 imb:0 pmb:0 smb:8160 d:- ref:0 ;
in:145 out:147 type:b dur:2 cpbdur:2 q:41.03 aq:22.00 tex:0 mv:0 misc:400 imb:0 pmb:0 smb:8160 d:- ref:0 ;
in:147 out:148 type:b dur:2 cpbdur:2 q:41.03 aq:22.00 tex:0 mv:0 misc:400 imb:0 pmb:0 smb:8160 d:- ref:0 ;
in:149 out:149 type:P dur:2 cpbdur:2 q:41.03 aq:22.00 tex:0 mv:0 misc:432 imb:0 pmb:0 smb:8160 d:- ref:0 ;
in:150 out:150 type:P dur:2 cpbdur:2 q:41.03 aq:21.37 tex:16045 mv:7068 misc:1111 imb:7135 pmb:15 smb:1010 d:- ref:0 w:0,9,-127 ;
in:151 out:151 type:P dur:2 cpbdur:2 q:41.03 aq:23.74 tex:10742 mv:7275 misc:4319 imb:2110 pmb:231 smb:5819 d:- ref:0 w:4,47,-31 ;
in:152 out:152 type:P dur:2 cpbdur:2 q:41.03 aq:25.03 tex:30428 mv:14109 misc:5415 imb:3367 pmb:573 smb:4220 d:- ref:0 w:6,107,-11 ;
in:153 out:153 type:P dur:2 cpbdur:2 q:41.03 aq:25.25 tex:25037 mv:17100 misc:6279 imb:4234 pmb:572 smb:3354 d:- ref:0 w:5,45,-7 ;
in:154 out:154 type:P dur:2 cpbdur:2 q:41.03 aq:25.96 tex:29984 mv:19803 misc:5605 imb:4410 pmb:729 smb:3021 d:- ref:0 w:5,41,-5 ;
in:155 out:155 type:I dur:2 cpbdur:2 q:38.12 aq:24.45 tex:101422 mv:43322 misc:616 imb:8160 pmb:0 smb:0 d:- ref:w:5,41,-5 ;
in:159 out:156 type:P dur:2 cpbdur:2 q:41.03 aq:29.35 tex:20810 mv:12829 misc:4113 imb:1190 pmb:727 smb:6243 d:- ref:0 w:6,111,-12,5,55,-92,32,0 ;
in:157 out:157 type:B dur:2 cpbdur:2 q:41.03 aq:27.37 tex:11787 mv:5158 misc:2071 imb:396 pmb:357 smb:7407 d:- ref:0 ;
in:156 out:158 type:b dur:2 cpbdur:2 q:41.03 aq:25.57 tex:3094 mv:2625 misc:1401 imb:160 pmb:183 smb:7817 d:- ref:0 ;
in:158 out:159 type:b dur:2 cpbdur:2 q:41.03 aq:26.82 tex:6602 mv:6286 misc:2728 imb:302 pmb:444 smb:7414 d:- ref:0 ;
in:163 out:160 type:P dur:2 cpbdur:2 q:41.03 aq:31.78 tex:90031 mv:29678 misc:5851 imb:3659 pmb:1522 smb:2979 d:- ref:0 w:6,91,-8,4,25,-72,16,0 ;
in:161 out:161 type:B dur:2 cpbdur:2 q:41.03 aq:34.11 tex:32472 mv:12725 misc:3171 imb:547 pmb:717 smb:6896 d:- ref:0 ;
in:160 out:162 type:b dur:2 cpbdur:2 q:41.03 aq:32.85 tex:8176 mv:7553 misc:2407 imb:208 pmb:457 smb:7495 d:- ref:0 ;
in:162 out:163 type:b dur:2 cpbdur:2 q:41.03 aq:32.01 tex:7467 mv:7247 misc:2446 imb:193 pmb:428 smb:7539 d:- ref:0 ;
in:165 out:164 type:P dur:2 cpbdur:2 q:41.03 aq:32.53 tex:68027 mv:25423 misc:6782 imb:2108 pmb:1802 smb:4250 d:- ref:0 w:6,73,-2,5,39,-28,32,0 ;
in:164 out:165 type:b dur:2 cpbdur:2 q:41.03 aq:36.04 tex:6539 mv:7261 misc:2320 imb:124 pmb:435 smb:7601 d:- ref:0 ;
in:167 out:166 type:P dur:2 cpbdur:2 q:41.03 aq:32.79 tex:77851 mv:28206 misc:7063 imb:2442 pmb:2198 smb:3520 d:- ref:0 w:3,9,-2,6,75,-22,64,0 ;
in:166 out:167 type:b dur:2 cpbdur:2 q:41.03 aq:34.60 tex:5795 mv:6509 misc:1784 imb:136 pmb:371 smb:7653 d:- ref:0 ;
in:168 out:168 type:P dur:2 cpbdur:2 q:41.03 aq:33.35 tex:61376 mv:19401 misc:7071 imb:1264 pmb:2128 smb:4768 d:- ref:0 w:6,67,0,6,68,-8,69,-10 ;
in:169 out:169 type:P dur:2 cpbdur:2 q:41.03 aq:33.56 tex:55638 mv:18993 misc:6169 imb:877 pmb:2094 smb:5189 d:- ref:0 w:6,67,0,4,16,0,17,-8 ;
in:170 out:170 type:P dur:2 cpbdur:2 q:41.03 aq:33.33 tex:97110 mv:28655 misc:5035 imb:3382 pmb:2105 smb:2673 d:- ref:0 w:6,67,-1,4,17,-8,17,-8 ;
in:171 out:171 type:P dur:2 cpbdur:2 q:41.03 aq:32.94 tex:87833 mv:24489 misc:7046 imb:1494 pmb:2688 smb:3978 d:- ref:0 w:6,67,-1,4,16,0,17,-8 ;
in:175 out:172 type:P dur:2 cpbdur:2 q:41.03 aq:33.32 tex:200317 mv:41929 misc:4386 imb:3750 pmb:2905 smb:1505 d:- ref:0 w:6,75,-2,2,5,-32,4,0 ;
in:173 out:173 type:B dur:2 cpbdur:2 q:41.03 aq:35.64 tex:41313 mv:15465 misc:4486 imb:425 pmb:1332 smb:6403 d:- ref:0 ;
in:172 out:174 type:b dur:2 cpbdur:2 q:41.03 aq:36.88 tex:7844 mv:6408 misc:2220 imb:125 pmb:401 smb:7634 d:- ref:0 ;
in:174 out:175 type:b dur:2 cpbdur:2 q:41.03 aq:36.63 tex:6388 mv:6660 misc:2200 imb:102 pmb:426 smb:7632 d:- ref:0 ;
in:177 out:176 type:P dur:2 cpbdur:2 q:41.03 aq:33.31 tex:138567 mv:31799 misc:6346 imb:1573 pmb:3740 smb:2847 d:- ref:0 w:6,69,-2,5,35,-12,35,-12 ;
in:176 out:177 type:b dur:2 cpbdur:2 q:41.03 aq:37.28 tex:4677 mv:4997 misc:1758 imb:76 pmb:313 smb:7771 d:- ref:0 ;
in:179 out:178 type:P dur:2 cpbdur:2 q:41.03 aq:33.28 tex:163790 mv:32646 misc:6140 imb:1457 pmb:4016 smb:2687 d:- ref:0 w:4,17,0,6,70,-12,69,-10 ;
in:178 out:179 type:b dur:2 cpbdur:2 q:41.03 aq:38.20 tex:6154 mv:6765 misc:2257 imb:78 pmb:428 smb:7654 d:- ref:0 ;
in:182 out:180 type:P dur:2 cpbdur:2 q:41.03 aq:33.32 tex:153356 mv:28059 misc:6377 imb:918 pmb:3834 smb:3408 d:- ref:0 w:6,65,0 ;
in:180 out:181 type:B dur:2 cpbdur:2 q:41.03 aq:37.01 tex:12585 mv:12586 misc:4253 imb:200 pmb:1228 smb:6732 d:- ref:0 ;
in:181 out:182 type:b dur:2 cpbdur:2 q:41.03 aq:42.57 tex:2053 mv:4891 misc:1824 imb:12 pmb:404 smb:7744 d:- ref:0 ;
in:186 out:183 type:P dur:2 cpbdur:2 q:41.03 aq:33.36 tex:167141 mv:29065 misc:6330 imb:911 pmb:3799 smb:3450 d:- ref:0 ;
in:184 out:184 type:B dur:2 cpbdur:2 q:41.03 aq:36.19 tex:14529 mv:11748 misc:4795 imb:47 pmb:1352 smb:6761 d:- ref:0 ;
in:183 out:185 type:b dur:2 cpbdur:2 q:41.03 aq:38.35 tex:2435 mv:5131 misc:2026 imb:5 pmb:475 smb:7680 d:- ref:0 ;
in:185 out:186 type:b dur:2 cpbdur:2 q:41.03 aq:38.42 tex:2049 mv:4096 misc:1727 imb:7 pmb:372 smb:7781 d:- ref:0 ;
in:190 out:187 type:P dur:2 cpbdur:2 q:41.03 aq:33.70 tex:169698 mv:28417 misc:5613 imb:1375 pmb:3539 smb:3246 d:- ref:0 ;
in:188 out:188 type:B dur:2 cpbdur:2 q:41.03 aq:36.47 tex:10186 mv:9229 misc:4081 imb:24 pmb:1073 smb:7063 d:- ref:0 ;
in:187 out:189 type:b dur:2 cpbdur:2 q:41.03 aq:42.33 tex:1240 mv:3513 misc:1575 imb:5 pmb:311 smb:7844 d:- ref:0 ;
in:189 out:190 type:b dur:2 cpbdur:2 q:41.03 aq:42.89 tex:1981 mv:3295 misc:1636 imb:3 pmb:326 smb:7831 d:- ref:0 ;
in:194 out:191 type:P dur:2 cpbdur:2 q:41.03 aq:33.48 tex:173500 mv:32397 misc:5615 imb:1539 pmb:3781 smb:2840 d:- ref:0 ;
in:192 out:192 type:B dur:2 cpbdur:2 q:41.03 aq:36.01 tex:9794 mv:7378 misc:3548 imb:24 pmb:792 smb:7344 d:- ref:0 ;
in:191 out:193 type:b dur:2 cpbdur:2 q:41.03 aq:37.64 tex:1508 mv:3511 misc:1781 imb:2 pmb:352 smb:7806 d:- ref:0 ;
in:193 out:194 type:b dur:2 cpbdur:2 q:41.03 aq:41.25 tex:1650 mv:3146 misc:1636 imb:3 pmb:327 smb:7830 d:- ref:0 ;
in:198 out:195 type:P dur:2 cpbdur:2 q:41.03 aq:33.43 tex:161206 mv:30559 misc:6107 imb:1105 pmb:4129 smb:2926 d:- ref:0 ;
in:196 out:196 type:B dur:2 cpbdur:2 q:41.03 aq:36.96 tex:7514 mv:9293 misc:4137 imb:11 pmb:1034 smb:7115 d:- ref:0 ;
in:195 out:197 type:b dur:2 cpbdur:2 q:41.03 aq:39.94 tex:2163 mv:3309 misc:1672 imb:3 pmb:317 smb:7840 d:- ref:0 ;
in:197 out:198 type:b dur:2 cpbdur:2 q:41.03 aq:41.13 tex:2532 mv:4541 misc:2167 imb:5 pmb:473 smb:7682 d:- ref:0 ;
in:202 out:199 type:P dur:2 cpbdur:2 q:41.03 aq:33.52 tex:145504 mv:29361 misc:6175 imb:903 pmb:4078 smb:3179 d:- ref:0 ;
in:200 out:200 type:B dur:2 cpbdur:2 q:41.03 aq:36.41 tex:8795 mv:9206 misc:4407 imb:26 pmb:1069 smb:7065 d:- ref:0 ;
in:199 out:201 type:b dur:2 cpbdur:2 q:41.03 aq:38.78 tex:2377 mv:4489 misc:2022 imb:10 pmb:436 smb:7714 d:- ref:0 ;
in:201 out:202 type:b dur:2 cpbdur:2 q:41.03 aq:41.32 tex:2832 mv:4019 misc:2013 imb:9 pmb:418 smb:7733 d:- ref:0 ;
in:206 out:203 type:P dur:2 cpbdur:2 q:41.03 aq:33.82 tex:139696 mv:30913 misc:6031 imb:1127 pmb:3936 smb:3097 d:- ref:0 ;
in:204 out:204 type:B dur:2 cpbdur:2 q:41.03 aq:36.34 tex:11800 mv:10379 misc:4629 imb:33 pmb:1141 smb:6986 d:- ref:0 ;
in:203 out:205 type:b dur:2 cpbdur:2 q:41.03 aq:40.20 tex:2659 mv:5496 misc:2541 imb:12 pmb:571 smb:7577 d:- ref:0 ;
in:205 out:206 type:b dur:2 cpbdur:2 q:41.03 aq:38.15 tex:3282 mv:5009 misc:2453 imb:9 pmb:548 smb:7603 d:- ref:0 ;
in:210 out:207 type:P dur:2 cpbdur:2 q:41.03 aq:33.59 tex:169392 mv:36216 misc:5512 imb:1675 pmb:3832 smb:2653 d:- ref:0 ;
in:208 out:208 type:B dur:2 cpbdur:2 q:41.03 aq:36.73 tex:16759 mv:11605 misc:5132 imb:34 pmb:1344 smb:6782 d:- ref:0 ;
in:207 out:209 type:b dur:2 cpbdur:2 q:41.03 aq:39.93 tex:4540 mv:5323 misc:2409 imb:4 pmb:531 smb:7625 d:- ref:0 ;
in:209 out:210 type:b dur:2 cpbdur:2 q:41.03 aq:37.67 tex:5402 mv:5917 misc:2873 imb:21 pmb:621 smb:7518 d:- ref:0 ;
in:214 out:211 type:P dur:2 cpbdur:2 q:41.03 aq:33.76 tex:123245 mv:31922 misc:5993 imb:1152 pmb:3705 smb:3303 d:- ref:0 ;
in:212 out:212 type:B dur:2 cpbdur:2 q:41.03 aq:36.70 tex:14132 mv:13567 misc:5685 imb:37 pmb:1625 smb:6498 d:- ref:0 ;
in:211 out:213 type:b dur:2 cpbdur:2 q:41.03 aq:38.84 tex:4162 mv:6992 misc:3134 imb:12 pmb:707 smb:7441 d:- ref:0 ;
in:213 out:214 type:b dur:2 cpbdur:2 q:41.03 aq:39.61 tex:3513 mv:6699 misc:3180 imb:13 pmb:714 smb:7433 d:- ref:0 ;
in:218 out:215 type:P dur:2 cpbdur:2 q:41.03 aq:33.48 tex:146511 mv:36095 misc:5834 imb:1605 pmb:3592 smb:2963 d:- ref:0 ;
in:216 out:216 type:B dur:2 cpbdur:2 q:41.03 aq:36.43 tex:18496 mv:14573 misc:5603 imb:93 pmb:1590 smb:6477 d:- ref:0 ;
in:215 out:217 type:b dur:2 cpbdur:2 q:41.03 aq:39.20 tex:3098 mv:6560 misc:2894 imb:6 pmb:651 smb:7503 d:- ref:0 ;
in:217 out:218 type:b dur:2 cpbdur:2 q:41.03 aq:39.54 tex:4658 mv:6565 misc:2953 imb:26 pmb:648 smb:7486 d:- ref:0 ;
in:222 out:219 type:P dur:2 cpbdur:2 q:41.03 aq:33.58 tex:149497 mv:36251 misc:6164 imb:1683 pmb:3153 smb:3324 d:- ref:0 ;
in:220 out:220 type:B dur:2 cpbdur:2 q:41.03 aq:35.73 tex:12596 mv:14439 misc:5261 imb:86 pmb:1421 smb:6653 d:- ref:0 ;
in:219 out:221 type:b dur:2 cpbdur:2 q:41.03 aq:38.66 tex:2244 mv:6307 misc:2881 imb:24 pmb:625 smb:7511 d:- ref:0 ;
in:221 out:222 type:b dur:2 cpbdur:2 q:41.03 aq:37.05 tex:2308 mv:6324 misc:2720 imb:25 pmb:600 smb:7535 d:- ref:0 ;
in:226 out:223 type:P dur:2 cpbdur:2 q:41.03 aq:33.80 tex:129461 mv:39017 misc:5962 imb:2176 pmb:3314 smb:2670 d:- ref:0 ;
in:224 out:224 type:B dur:2 cpbdur:2 q:41.03 aq:35.72 tex:13554 mv:16542 misc:5376 imb:79 pmb:1560 smb:6521 d:- ref:0 ;
in:223 out:225 type:b dur:2 cpbdur:2 q:41.03 aq:38.89 tex:3015 mv:6837 misc:2820 imb:27 pmb:650 smb:7483 d:- ref:0 ;
in:225 out:226 type:b dur:2 cpbdur:2 q:41.03 aq:37.23 tex:4151 mv:7195 misc:2990 imb:29 pmb:692 smb:7439 d:- ref:0 ;
in:230 out:227 type:P dur:2 cpbdur:2 q:41.03 aq:34.65 tex:127164 mv:38927 misc:5557 imb:2645 pmb:2876 smb:2639 d:- ref:0 ;
in:228 out:228 type:B dur:2 cpbdur:2 q:41.03 aq:35.70 tex:23103 mv:19218 misc:6175 imb:140 pmb:1942 smb:6078 d:- ref:0 ;
in:227 out:229 type:b dur:2 cpbdur:2 q:41.03 aq:37.60 tex:4005 mv:8472 misc:3435 imb:38 pmb:777 smb:7345 d:- ref:0 ;
in:229 out:230 type:b dur:2 cpbdur:2 q:41.03 aq:37.37 tex:5201 mv:9461 misc:3746 imb:30 pmb:897 smb:7233 d:- ref:0 ;
in:232 out:231 type:P dur:2 cpbdur:2 q:41.03 aq:36.58 tex:46920 mv:21655 misc:6809 imb:1079 pmb:1925 smb:5156 d:- ref:0 ;
in:231 out:232 type:b dur:2 cpbdur:2 q:41.03 aq:38.64 tex:16689 mv:9941 misc:4122 imb:39 pmb:1063 smb:7058 d:- ref:0 ;
in:233 out:233 type:I dur:2 cpbdur:2 q:38.12 aq:31.13 tex:968796 mv:242593 misc:643 imb:8160 pmb:0 smb:0 d:- ref:;
in:237 out:234 type:P dur:2 cpbdur:2 q:41.03 aq:33.99 tex:161143 mv:34053 misc:4508 imb:2168 pmb:4375 smb:1617 d:- ref:0 ;
in:235 out:235 type:B dur:2 cpbdur:2 q:41.03 aq:38.16 tex:22066 mv:20481 misc:3245 imb:366 pmb:1256 smb:6538 d:- ref:0 ;
in:234 out:236 type:b dur:2 cpbdur:2 q:41.03 aq:39.23 tex:10865 mv:12624 misc:2951 imb:131 pmb:963 smb:7066 d:- ref:0 ;
in:236 out:237 type:b dur:2 cpbdur:2 q:41.03 aq:38.70 tex:12115 mv:14808 misc:3293 imb:242 pmb:1038 smb:6880 d:- ref:0 ;
in:241 out:238 type:P dur:2 cpbdur:2 q:41.03 aq:33.57 tex:335920 mv:39410 misc:2190 imb:2780 pmb:4667 smb:713 d:- ref:0 ;
in:239 out:239 type:B dur:2 cpbdur:2 q:41.03 aq:36.50 tex:24856 mv:22838 misc:4514 imb:546 pmb:1407 smb:6207 d:- ref:0 ;
in:238 out:240 type:b dur:2 cpbdur:2 q:41.03 aq:38.56 tex:10968 mv:13937 misc:3335 imb:193 pmb:1018 smb:6949 d:- ref:0 ;
in:240 out:241 type:b dur:2 cpbdur:2 q:41.03 aq:38.32 tex:11774 mv:14482 misc:3904 imb:292 pmb:1087 smb:6781 d:- ref:0 ;
in:245 out:242 type:P dur:2 cpbdur:2 q:41.03 aq:33.46 tex:338641 mv:36429 misc:2714 imb:2618 pmb:4570 smb:972 d:- ref:0 ;
in:243 out:243 type:B dur:2 cpbdur:2 q:41.03 aq:36.95 tex:26127 mv:21491 misc:3990 imb:772 pmb:1219 smb:6169 d:- ref:0 ;
in:242 out:244 type:b dur:2 cpbdur:2 q:41.03 aq:38.61 tex:12227 mv:14149 misc:2976 imb:361 pmb:824 smb:6975 d:- ref:0 ;
in:244 out:245 type:b dur:2 cpbdur:2 q:41.03 aq:39.15 tex:17121 mv:15350 misc:3049 imb:475 pmb:909 smb:6776 d:- ref:0 ;
in:249 out:246 type:P dur:2 cpbdur:2 q:41.03 aq:33.87 tex:248689 mv:29773 misc:4586 imb:1892 pmb:4330 smb:1938 d:- ref:0 ;
in:247 out:247 type:B dur:2 cpbdur:2 q:41.03 aq:36.12 tex:29646 mv:17761 misc:4329 imb:696 pmb:1323 smb:6141 d:- ref:0 ;
in:246 out:248 type:b dur:2 cpbdur:2 q:41.03 aq:39.00 tex:16742 mv:13318 misc:2828 imb:520 pmb:776 smb:6864 d:- ref:0 ;
in:248 out:249 type:b dur:2 cpbdur:2 q:41.03 aq:38.79 tex:12005 mv:9442 misc:2793 imb:280 pmb:792 smb:7088 d:- ref:0 ;
in:253 out:250 type:P dur:2 cpbdur:2 q:41.03 aq:33.25 tex:301746 mv:35663 misc:2215 imb:2899 pmb:4847 smb:414 d:- ref:0 w:5,33,-4 ;
in:251 out:251 type:B dur:2 cpbdur:2 q:41.03 aq:36.66 tex:13654 mv:12588 misc:3958 imb:417 pmb:948 smb:6795 d:- ref:0 ;
in:250 out:252 type:b dur:2 cpbdur:2 q:41.03 aq:38.50 tex:6139 mv:8215 misc:2870 imb:166 pmb:656 smb:7338 d:- ref:0 ;
in:252 out:253 type:b dur:2 cpbdur:2 q:41.03 aq:39.42 tex:2907 mv:5557 misc:2712 imb:155 pmb:499 smb:7506 d:- ref:0 ;
in:257 out:254 type:P dur:2 cpbdur:2 q:41.03 aq:32.84 tex:232722 mv:31642 misc:4268 imb:2143 pmb:4640 smb:1377 d:- ref:0 w:7,125,5 ;
in:255 out:255 type:B dur:2 cpbdur:2 q:41.03 aq:36.47 tex:9822 mv:8587 misc:3263 imb:289 pmb:710 smb:7161 d:- ref:0 ;
in:254 out:256 type:b dur:2 cpbdur:2 q:41.03 aq:39.10 tex:2059 mv:4752 misc:2285 imb:73 pmb:462 smb:7625 d:- ref:0 ;
in:256 out:257 type:b dur:2 cpbdur:2 q:41.03 aq:39.36 tex:1732 mv:3140 misc:1768 imb:20 pmb:340 smb:7800 d:- ref:0 ;
in:261 out:258 type:P dur:2 cpbdur:2 q:41.03 aq:32.76 tex:178291 mv:22901 misc:5520 imb:766 pmb:4859 smb:2535 d:- ref:0 w:0,1,1 ;
in:259 out:259 type:B dur:2 cpbdur:2 q:41.03 aq:37.10 tex:4779 mv:6058 misc:3187 imb:38 pmb:690 smb:7432 d:- ref:0 ;
in:258 out:260 type:b dur:2 cpbdur:2 q:41.03 aq:39.95 tex:832 mv:2908 misc:1636 imb:15 pmb:326 smb:7819 d:- ref:0 ;
in:260 out:261 type:b dur:2 cpbdur:2 q:41.03 aq:38.21 tex:1407 mv:3163 misc:2102 imb:18 pmb:419 smb:7723 d:- ref:0 ;
in:265 out:262 type:P dur:2 cpbdur:2 q:41.03 aq:32.83 tex:152525 mv:19963 misc:5928 imb:473 pmb:4713 smb:2974 d:- ref:0 ;
in:263 out:263 type:B dur:2 cpbdur:2 q:41.03 aq:36.91 tex:5617 mv:7002 misc:3365 imb:63 pmb:749 smb:7348 d:- ref:0 ;
in:262 out:264 type:b dur:2 cpbdur:2 q:41.03 aq:40.03 tex:1501 mv:3106 misc:1753 imb:13 pmb:339 smb:7808 d:- ref:0 ;
in:264 out:265 type:b dur:2 cpbdur:2 q:41.03 aq:40.67 tex:1665 mv:3095 misc:1896 imb:20 pmb:382 smb:7758 d:- ref:0 ;
in:269 out:266 type:P dur:2 cpbdur:2 q:41.03 aq:33.31 tex:222641 mv:22960 misc:5007 imb:762 pmb:5049 smb:2349 d:- ref:0 ;
in:267 out:267 type:B dur:2 cpbdur:2 q:41.03 aq:37.63 tex:3072 mv:5145 misc:2375 imb:31 pmb:528 smb:7601 d:- ref:0 ;
in:266 out:268 type:b dur:2 cpbdur:2 q:41.03 aq:40.60 tex:864 mv:2653 misc:1531 imb:18 pmb:285 smb:7857 d:- ref:0 ;
in:268 out:269 type:b dur:2 cpbdur:2 q:41.03 aq:40.93 tex:2036 mv:4074 misc:2202 imb:31 pmb:459 smb:7670 d:- ref:0 ;
in:273 out:270 type:P dur:2 cpbdur:2 q:41.03 aq:32.93 tex:136764 mv:20058 misc:6290 imb:852 pmb:4368 smb:2940 d:- ref:0 ;
in:271 out:271 type:B dur:2 cpbdur:2 q:41.03 aq:36.49 tex:4515 mv:5538 misc:3051 imb:59 pmb:589 smb:7512 d:- ref:0 ;
in:270 out:272 type:b dur:2 cpbdur:2 q:41.03 aq:40.16 tex:2138 mv:3297 misc:1861 imb:20 pmb:350 smb:7790 d:- ref:0 ;
in:272 out:273 type:b dur:2 cpbdur:2 q:41.03 aq:39.47 tex:1435 mv:2110 misc:1599 imb:21 pmb:264 smb:7875 d:- ref:0 ;
in:277 out:274 type:P dur:2 cpbdur:2 q:41.03 aq:33.17 tex:99305 mv:18059 misc:7060 imb:673 pmb:3826 smb:3661 d:- ref:0 ;
in:275 out:275 type:B dur:2 cpbdur:2 q:41.03 aq:36.44 tex:6207 mv:4713 misc:2840 imb:68 pmb:552 smb:7540 d:- ref:0 ;
in:274 out:276 type:b dur:2 cpbdur:2 q:41.03 aq:40.11 tex:1445 mv:1957 misc:1526 imb:16 pmb:270 smb:7874 d:- ref:0 ;
in:276 out:277 type:b dur:2 cpbdur:2 q:41.03 aq:38.19 tex:1250 mv:2523 misc:1715 imb:17 pmb:283 smb:7860 d:- ref:0 ;
in:281 out:278 type:P dur:2 cpbdur:2 q:41.03 aq:33.67 tex:45493 mv:14328 misc:6915 imb:627 pmb:2489 smb:5044 d:- ref:0 ;
in:279 out:279 type:B dur:2 cpbdur:2 q:41.03 aq:36.90 tex:4677 mv:7263 misc:3764 imb:67 pmb:859 smb:7234 d:- ref:0 ;
in:278 out:280 type:b dur:2 cpbdur:2 q:41.03 aq:40.27 tex:1876 mv:1830 misc:1422 imb:30 pmb:209 smb:7921 d:- ref:0 ;
in:280 out:281 type:b dur:2 cpbdur:2 q:41.03 aq:39.88 tex:1446 mv:4238 misc:2268 imb:33 pmb:475 smb:7652 d:- ref:0 ;
in:285 out:282 type:P dur:2 cpbdur:2 q:41.03 aq:35.68 tex:20150 mv:8363 misc:5079 imb:274 pmb:1321 smb:6565 d:- ref:0 ;
in:283 out:283 type:B dur:2 cpbdur:2 q:41.03 aq:36.12 tex:8607 mv:8187 misc:4470 imb:72 pmb:1112 smb:6976 d:- ref:0 ;
in:282 out:284 type:b dur:2 cpbdur:2 q:41.03 aq:39.12 tex:1928 mv:3722 misc:2102 imb:51 pmb:411 smb:7698 d:- ref:0 ;
in:284 out:285 type:b dur:2 cpbdur:2 q:41.03 aq:39.59 tex:2336 mv:3387 misc:1877 imb:58 pmb:357 smb:7745 d:- ref:0 ;
in:287 out:286 type:P dur:2 cpbdur:2 q:41.03 aq:37.49 tex:14503 mv:6209 misc:4304 imb:272 pmb:1065 smb:6823 d:- ref:0 ;
in:286 out:287 type:b dur:2 cpbdur:2 q:41.03 aq:38.41 tex:53922 mv:7313 misc:3173 imb:135 pmb:1002 smb:7023 d:- ref:0 ;
in:288 out:288 type:I dur:2 cpbdur:2 q:38.12 aq:31.52 tex:555878 mv:146731 misc:703 imb:8160 pmb:0 smb:0 d:- ref:;
in:292 out:289 type:P dur:2 cpbdur:2 q:41.03 aq:33.92 tex:190743 mv:48137 misc:3752 imb:3732 pmb:2991 smb:1437 d:- ref:0 ;
in:290 out:290 type:B dur:2 cpbdur:2 q:41.03 aq:37.71 tex:37918 mv:25158 misc:4004 imb:610 pmb:1456 smb:6094 d:- ref:0 ;
in:289 out:291 type:b dur:2 cpbdur:2 q:41.03 aq:42.69 tex:18176 mv:16333 misc:2547 imb:269 pmb:994 smb:6897 d:- ref:0 ;
in:291 out:292 type:b dur:2 cpbdur:2 q:41.03 aq:40.37 tex:14209 mv:16221 misc:2986 imb:263 pmb:1030 smb:6867 d:- ref:0 ;
in:296 out:293 type:P dur:2 cpbdur:2 q:41.03 aq:34.35 tex:178594 mv:51290 misc:3940 imb:3153 pmb:3588 smb:1419 d:- ref:0 ;
in:294 out:294 type:B dur:2 cpbdur:2 q:41.03 aq:36.41 tex:35653 mv:27953 misc:5314 imb:463 pmb:1952 smb:5745 d:- ref:0 ;
in:293 out:295 type:b dur:2 cpbdur:2 q:41.03 aq:40.09 tex:12070 mv:15656 misc:3578 imb:135 pmb:1171 smb:6854 d:- ref:0 ;
in:295 out:296 type:b dur:2 cpbdur:2 q:41.03 aq:39.14 tex:13786 mv:12748 misc:3674 imb:82 pmb:1117 smb:6961 d:- ref:0 ;
in:300 out:297 type:P dur:2 cpbdur:2 q:41.03 aq:33.49 tex:279668 mv:58321 misc:2803 imb:3816 pmb:3535 smb:809 d:- ref:0 ;
in:298 out:298 type:B dur:2 cpbdur:2 q:41.03 aq:35.69 tex:40571 mv:30676 misc:6401 imb:453 pmb:2405 smb:5302 d:- ref:0 ;
in:297 out:299 type:b dur:2 cpbdur:2 q:41.03 aq:39.77 tex:12970 mv:15817 misc:3917 imb:121 pmb:1186 smb:6853 d:- ref:0 ;
in:299 out:300 type:b dur:2 cpbdur:2 q:41.03 aq:39.54 tex:16875 mv:17451 misc:4122 imb:113 pmb:1379 smb:6668 d:- ref:0 ;
in:304 out:301 type:P dur:2 cpbdur:2 q:41.03 aq:32.96 tex:187209 mv:45514 misc:5485 imb:2190 pmb:3583 smb:2387 d:- ref:0 ;
in:302 out:302 type:B dur:2 cpbdur:2 q:41.03 aq:37.85 tex:43288 mv:26157 misc:5467 imb:349 pmb:2031 smb:5780 d:- ref:0 ;
in:301 out:303 type:b dur:2 cpbdur:2 q:41.03 aq:41.01 tex:16381 mv:17429 misc:3982 imb:115 pmb:1336 smb:6709 d:- ref:0 ;
in:303 out:304 type:b dur:2 cpbdur:2 q:41.03 aq:40.50 tex:25277 mv:16553 misc:3690 imb:291 pmb:1174 smb:6695 d:- ref:0 ;
in:308 out:305 type:P dur:2 cpbdur:2 q:41.03 aq:32.62 tex:209491 mv:41460 misc:5793 imb:1398 pmb:3769 smb:2993 d:- ref:0 ;
in:306 out:306 type:B dur:2 cpbdur:2 q:41.03 aq:38.05 tex:32801 mv:21399 misc:5128 imb:221 pmb:1779 smb:6160 d:- ref:0 ;
in:305 out:307 type:b dur:2 cpbdur:2 q:41.03 aq:40.93 tex:16360 mv:14680 misc:3504 imb:121 pmb:1119 smb:6920 d:- ref:0 ;
in:307 out:308 type:b dur:2 cpbdur:2 q:41.03 aq:41.31 tex:9717 mv:12337 misc:3458 imb:34 pmb:1066 smb:7060 d:- ref:0 ;
in:312 out:309 type:P dur:2 cpbdur:2 q:41.03 aq:32.43 tex:152197 mv:37230 misc:6293 imb:931 pmb:4077 smb:3152 d:- ref:0 ;
in:310 out:310 type:B dur:2 cpbdur:2 q:41.03 aq:38.03 tex:21995 mv:15941 misc:4800 imb:50 pmb:1533 smb:6577 d:- ref:0 ;
in:309 out:311 type:b dur:2 cpbdur:2 q:41.03 aq:41.56 tex:7006 mv:10092 misc:3246 imb:16 pmb:939 smb:7205 d:- ref:0 ;
in:311 out:312 type:b dur:2 cpbdur:2 q:41.03 aq:41.06 tex:6977 mv:10349 misc:3530 imb:16 pmb:998 smb:7146 d:- ref:0 ;
in:316 out:313 type:P dur:2 cpbdur:2 q:41.03 aq:32.87 tex:173065 mv:40347 misc:5228 imb:1253 pmb:4371 smb:2536 d:- ref:0 ;
in:314 out:314 type:B dur:2 cpbdur:2 q:41.03 aq:38.02 tex:11893 mv:14478 misc:4949 imb:37 pmb:1504 smb:6619 d:- ref:0 ;
in:313 out:315 type:b dur:2 cpbdur:2 q:41.03 aq:40.21 tex:2758 mv:6541 misc:3013 imb:7 pmb:714 smb:7439 d:- ref:0 ;
in:315 out:316 type:b dur:2 cpbdur:2 q:41.03 aq:41.47 tex:4971 mv:6295 misc:2846 imb:10 pmb:674 smb:7476 d:- ref:0 ;
in:320 out:317 type:P dur:2 cpbdur:2 q:41.03 aq:32.84 tex:222801 mv:40243 misc:5444 imb:1291 pmb:4420 smb:2449 d:- ref:0 ;
in:318 out:318 type:B dur:2 cpbdur:2 q:41.03 aq:38.26 tex:19206 mv:19027 misc:5135 imb:96 pmb:1733 smb:6331 d:- ref:0 ;
in:317 out:319 type:b dur:2 cpbdur:2 q:41.03 aq:41.76 tex:5317 mv:10891 misc:3424 imb:19 pmb:1011 smb:7130 d:- ref:0 ;
in:319 out:320 type:b dur:2 cpbdur:2 q:41.03 aq:42.10 tex:6522 mv:8794 misc:2644 imb:30 pmb:776 smb:7354 d:- ref:0 ;
in:324 out:321 type:P dur:2 cpbdur:2 q:41.03 aq:32.90 tex:169975 mv:34542 misc:5955 imb:743 pmb:4449 smb:2968 d:- ref:0 ;
in:322 out:322 type:B dur:2 cpbdur:2 q:41.03 aq:38.63 tex:12460 mv:12766 misc:4726 imb:15 pmb:1561 smb:6584 d:- ref:0 ;
in:321 out:323 type:b dur:2 cpbdur:2 q:41.03 aq:42.38 tex:2489 mv:7797 misc:2890 imb:5 pmb:780 smb:7375 d:- ref:0 ;
in:323 out:324 type:b dur:2 cpbdur:2 q:41.03 aq:41.84 tex:3044 mv:7407 misc:3085 imb:2 pmb:765 smb:7393 d:- ref:0 ;
in:328 out:325 type:P dur:2 cpbdur:2 q:41.03 aq:32.82 tex:161157 mv:31745 misc:5914 imb:641 pmb:4244 smb:3275 d:- ref:0 ;
in:326 out:326 type:B dur:2 cpbdur:2 q:41.03 aq:37.00 tex:11635 mv:13065 misc:5012 imb:26 pmb:1490 smb:6644 d:- ref:0 ;
in:325 out:327 type:b dur:2 cpbdur:2 q:41.03 aq:38.22 tex:2157 mv:6020 misc:2543 imb:6 pmb:581 smb:7573 d:- ref:0 ;
in:327 out:328 type:b dur:2 cpbdur:2 q:41.03 aq:41.10 tex:1935 mv:5902 misc:2859 imb:6 pmb:642 smb:7512 d:- ref:0 ;
in:332 out:329 type:P dur:2 cpbdur:2 q:41.03 aq:32.40 tex:162571 mv:30581 misc:6280 imb:514 pmb:4520 smb:3126 d:- ref:0 ;
in:330 out:330 type:B dur:2 cpbdur:2 q:41.03 aq:36.46 tex:11075 mv:10453 misc:5032 imb:29 pmb:1437 smb:6694 d:- ref:0 ;
in:329 out:331 type:b dur:2 cpbdur:2 q:41.03 aq:39.13 tex:2146 mv:5347 misc:2779 imb:4 pmb:629 smb:7527 d:- ref:0 ;
in:331 out:332 type:b dur:2 cpbdur:2 q:41.03 aq:37.35 tex:1875 mv:4351 misc:2694 imb:2 pmb:659 smb:7499 d:- ref:0 ;
in:336 out:333 type:P dur:2 cpbdur:2 q:41.03 aq:32.38 tex:114352 mv:24989 misc:6971 imb:339 pmb:3894 smb:3927 d:- ref:0 ;
in:334 out:334 type:B dur:2 cpbdur:2 q:41.03 aq:37.07 tex:9106 mv:7459 misc:3675 imb:13 pmb:925 smb:7222 d:- ref:0 ;
in:333 out:335 type:b dur:2 cpbdur:2 q:41.03 aq:38.88 tex:931 mv:4185 misc:2396 imb:2 pmb:506 smb:7652 d:- ref:0 ;
in:335 out:336 type:b dur:2 cpbdur:2 q:41.03 aq:40.01 tex:1165 mv:4065 misc:2314 imb:3 pmb:489 smb:7668 d:- ref:0 ;
in:340 out:337 type:P dur:2 cpbdur:2 q:41.03 aq:32.82 tex:100922 mv:21901 misc:6905 imb:259 pmb:3560 smb:4341 d:- ref:0 ;
in:338 out:338 type:B dur:2 cpbdur:2 q:41.03 aq:37.07 tex:6387 mv:8178 misc:4251 imb:26 pmb:1106 smb:7028 d:- ref:0 ;
in:337 out:339 type:b dur:2 cpbdur:2 q:41.03 aq:42.59 tex:1211 mv:3848 misc:2405 imb:2 pmb:510 smb:7648 d:- ref:0 ;
in:339 out:340 type:b dur:2 cpbdur:2 q:41.03 aq:38.41 tex:736 mv:2295 misc:1329 imb:4 pmb:239 smb:7917 d:- ref:0 ;
in:344 out:341 type:P dur:2 cpbdur:2 q:41.03 aq:33.00 tex:94921 mv:23370 misc:6989 imb:367 pmb:3538 smb:4255 d:- ref:0 ;
in:342 out:342 type:B dur:2 cpbdur:2 q:41.03 aq:36.15 tex:7618 mv:8046 misc:3984 imb:20 pmb:970 smb:7170 d:- ref:0 ;
in:341 out:343 type:b dur:2 cpbdur:2 q:41.03 aq:42.37 tex:2432 mv:4137 misc:2231 imb:1 pmb:496 smb:7663 d:- ref:0 ;
in:343 out:344 type:b dur:2 cpbdur:2 q:41.03 aq:39.75 tex:1970 mv:4229 misc:2553 imb:1 pmb:552 smb:7607 d:- ref:0 ;
in:348 out:345 type:P dur:2 cpbdur:2 q:41.03 aq:33.56 tex:111239 mv:26404 misc:6725 imb:411 pmb:3789 smb:3960 d:- ref:0 ;
in:346 out:346 type:B dur:2 cpbdur:2 q:41.03 aq:35.76 tex:7557 mv:11440 misc:4667 imb:41 pmb:1291 smb:6828 d:- ref:0 ;
in:345 out:347 type:b dur:2 cpbdur:2 q:41.03 aq:36.04 tex:1562 mv:6251 misc:3131 imb:9 pmb:724 smb:7427 d:- ref:0 ;
in:347 out:348 type:b dur:2 cpbdur:2 q:41.03 aq:34.19 tex:3881 mv:5449 misc:2742 imb:7 pmb:670 smb:7483 d:- ref:0 ;
in:352 out:349 type:P dur:2 cpbdur:2 q:41.03 aq:32.94 tex:68914 mv:20336 misc:6902 imb:279 pmb:3095 smb:4786 d:- ref:0 ;
in:350 out:350 type:B dur:2 cpbdur:2 q:41.03 aq:36.84 tex:4813 mv:9115 misc:4392 imb:15 pmb:1167 smb:6978 d:- ref:0 ;
in:349 out:351 type:b dur:2 cpbdur:2 q:41.03 aq:41.02 tex:1331 mv:4403 misc:2522 imb:2 pmb:567 smb:7591 d:- ref:0 ;
in:351 out:352 type:b dur:2 cpbdur:2 q:41.03 aq:42.60 tex:753 mv:3028 misc:1635 imb:2 pmb:356 smb:7802 d:- ref:0 ;
in:356 out:353 type:P dur:2 cpbdur:2 q:41.03 aq:33.79 tex:94455 mv:27146 misc:6831 imb:553 pmb:3540 smb:4067 d:- ref:0 ;
in:354 out:354 type:B dur:2 cpbdur:2 q:41.03 aq:36.93 tex:10078 mv:11468 misc:4766 imb:51 pmb:1298 smb:6811 d:- ref:0 ;
in:353 out:355 type:b dur:2 cpbdur:2 q:41.03 aq:39.33 tex:1024 mv:4294 misc:2210 imb:6 pmb:455 smb:7699 d:- ref:0 ;
in:355 out:356 type:b dur:2 cpbdur:2 q:41.03 aq:41.64 tex:1287 mv:3924 misc:2269 imb:4 pmb:454 smb:7702 d:- ref:0 ;
in:360 out:357 type:P dur:2 cpbdur:2 q:41.03 aq:33.21 tex:169123 mv:36369 misc:6228 imb:1615 pmb:3510 smb:3035 d:- ref:0 ;
in:358 out:358 type:B dur:2 cpbdur:2 q:41.03 aq:37.23 tex:33836 mv:24757 misc:4999 imb:378 pmb:1896 smb:5886 d:- ref:0 ;
in:357 out:359 type:b dur:2 cpbdur:2 q:41.03 aq:41.00 tex:11229 mv:12188 misc:2783 imb:179 pmb:874 smb:7107 d:- ref:0 ;
in:359 out:360 type:b dur:2 cpbdur:2 q:41.03 aq:39.72 tex:8411 mv:11310 misc:2831 imb:92 pmb:886 smb:7182 d:- ref:0 ;
in:364 out:361 type:P dur:2 cpbdur:2 q:41.03 aq:32.98 tex:167025 mv:41963 misc:5716 imb:1529 pmb:3923 smb:2708 d:- ref:0 ;
in:362 out:362 type:B dur:2 cpbdur:2 q:41.03 aq:38.10 tex:16446 mv:17104 misc:5370 imb:73 pmb:1691 smb:6396 d:- ref:0 ;
in:361 out:363 type:b dur:2 cpbdur:2 q:41.03 aq:40.40 tex:7039 mv:12310 misc:3755 imb:31 pmb:1060 smb:7069 d:- ref:0 ;
in:363 out:364 type:b dur:2 cpbdur:2 q:41.03 aq:40.99 tex:7641 mv:8472 misc:3191 imb:58 pmb:790 smb:7312 d:- ref:0 ;
in:368 out:365 type:P dur:2 cpbdur:2 q:41.03 aq:33.29 tex:104466 mv:32599 misc:6511 imb:1014 pmb:3471 smb:3675 d:- ref:0 ;
in:366 out:366 type:B dur:2 cpbdur:2 q:41.03 aq:37.61 tex:10587 mv:10658 misc:4379 imb:30 pmb:1197 smb:6933 d:- ref:0 ;
in:365 out:367 type:b dur:2 cpbdur:2 q:41.03 aq:40.81 tex:3899 mv:6105 misc:2788 imb:10 pmb:681 smb:7469 d:- ref:0 ;
in:367 out:368 type:b dur:2 cpbdur:2 q:41.03 aq:44.07 tex:3835 mv:5116 misc:2609 imb:11 pmb:617 smb:7532 d:- ref:0 ;
in:372 out:369 type:P dur:2 cpbdur:2 q:41.03 aq:35.10 tex:63306 mv:22258 misc:6636 imb:435 pmb:2710 smb:5015 d:- ref:0 ;
in:370 out:370 type:B dur:2 cpbdur:2 q:41.03 aq:36.42 tex:8000 mv:9027 misc:4381 imb:21 pmb:1133 smb:7006 d:- ref:0 ;
in:369 out:371 type:b dur:2 cpbdur:2 q:41.03 aq:41.92 tex:1399 mv:4850 misc:2527 imb:2 pmb:607 smb:7551 d:- ref:0 ;
in:371 out:372 type:b dur:2 cpbdur:2 q:41.03 aq:39.52 tex:1217 mv:3649 misc:2182 imb:3 pmb:413 smb:7744 d:- ref:0 ;
in:373 out:373 type:P dur:2 cpbdur:2 q:41.03 aq:34.33 tex:32250 mv:18137 misc:7173 imb:433 pmb:2362 smb:5365 d:- ref:0 w:6,63,0,7,125,3,124,4 ;
in:376 out:374 type:P dur:2 cpbdur:2 q:41.03 aq:33.55 tex:55407 mv:24811 misc:7062 imb:921 pmb:2558 smb:4681 d:- ref:0 w:7,115,2,5,29,12,29,12 ;
in:374 out:375 type:B dur:2 cpbdur:2 q:41.03 aq:36.99 tex:25209 mv:9314 misc:3301 imb:127 pmb:913 smb:7120 d:- ref:0 ;
in:375 out:376 type:b dur:2 cpbdur:2 q:41.03 aq:39.09 tex:6726 mv:5319 misc:1875 imb:38 pmb:412 smb:7710 d:- ref:0 ;
in:380 out:377 type:P dur:2 cpbdur:2 q:41.03 aq:33.90 tex:45358 mv:19688 misc:6442 imb:810 pmb:2040 smb:5310 d:- ref:0 w:5,27,3,7,107,21,108,20 ;
in:378 out:378 type:B dur:2 cpbdur:2 q:41.03 aq:36.58 tex:39943 mv:12384 misc:3641 imb:430 pmb:856 smb:6874 d:- ref:0 ;
in:377 out:379 type:b dur:2 cpbdur:2 q:41.03 aq:39.62 tex:3199 mv:3839 misc:1690 imb:15 pmb:292 smb:7853 d:- ref:0 ;
in:379 out:380 type:b dur:2 cpbdur:2 q:41.03 aq:38.88 tex:4592 mv:5296 misc:2040 imb:26 pmb:406 smb:7728 d:- ref:0 ;
in:382 out:381 type:P dur:2 cpbdur:2 q:41.03 aq:35.66 tex:11532 mv:9696 misc:4556 imb:260 pmb:1035 smb:6865 d:- ref:0 w:7,117,1,6,59,10,58,12 ;
in:381 out:382 type:b dur:2 cpbdur:2 q:41.03 aq:38.13 tex:4610 mv:5324 misc:2002 imb:31 pmb:360 smb:7769 d:- ref:0 ;
in:383 out:383 type:P dur:2 cpbdur:2 q:41.03 aq:33.12 tex:24347 mv:17733 misc:6744 imb:1168 pmb:1448 smb:5544 d:- ref:0 w:6,61,1,6,61,6,61,6 ;
in:384 out:384 type:P dur:2 cpbdur:2 q:41.03 aq:33.53 tex:9378 mv:9446 misc:4712 imb:266 pmb:1023 smb:6871 d:- ref:0 w:6,61,0,6,61,6,61,6 ;
in:385 out:385 type:P dur:2 cpbdur:2 q:41.03 aq:34.18 tex:6942 mv:6992 misc:3930 imb:258 pmb:729 smb:7173 d:- ref:0 w:7,121,1,7,121,7,121,7 ;
in:386 out:386 type:P dur:2 cpbdur:2 q:41.03 aq:32.78 tex:29053 mv:20671 misc:7020 imb:1409 pmb:1650 smb:5101 d:- ref:0 w:7,121,1,7,120,8,121,7 ;
in:387 out:387 type:P dur:2 cpbdur:2 q:41.03 aq:32.87 tex:10276 mv:10027 misc:4849 imb:275 pmb:1086 smb:6799 d:- ref:0 w:4,15,1,4,15,8,15,8 ;
in:389 out:388 type:P dur:2 cpbdur:2 q:41.03 aq:31.19 tex:24818 mv:18924 misc:6954 imb:1550 pmb:1314 smb:5296 d:- ref:0 w:3,7,2,7,115,13,116,12 ;
in:388 out:389 type:b dur:2 cpbdur:2 q:41.03 aq:32.68 tex:2571 mv:3063 misc:1702 imb:67 pmb:211 smb:7882 d:- ref:0 ;
in:393 out:390 type:P dur:2 cpbdur:2 q:41.03 aq:30.58 tex:11568 mv:13707 misc:5845 imb:732 pmb:1085 smb:6343 d:- ref:0 w:6,45,5,7,87,41,88,40 ;
in:391 out:391 type:B dur:2 cpbdur:2 q:41.03 aq:33.08 tex:16636 mv:8579 misc:4145 imb:334 pmb:686 smb:7140 d:- ref:0 ;
in:390 out:392 type:b dur:2 cpbdur:2 q:41.03 aq:34.64 tex:5782 mv:6726 misc:2660 imb:126 pmb:467 smb:7567 d:- ref:0 ;
in:392 out:393 type:b dur:2 cpbdur:2 q:41.03 aq:32.86 tex:3250 mv:3904 misc:1982 imb:94 pmb:271 smb:7795 d:- ref:0 ;
in:396 out:394 type:P dur:2 cpbdur:2 q:41.03 aq:28.21 tex:8157 mv:10442 misc:5073 imb:688 pmb:738 smb:6734 d:- ref:0 w:4,11,5,6,43,42,44,40 ;
in:394 out:395 type:B dur:2 cpbdur:2 q:41.03 aq:31.12 tex:14916 mv:10824 misc:4844 imb:678 pmb:486 smb:6996 d:- ref:0 ;
in:395 out:396 type:b dur:2 cpbdur:2 q:41.03 aq:30.41 tex:4230 mv:5032 misc:2250 imb:163 pmb:244 smb:7753 d:- ref:0 ;
in:398 out:397 type:P dur:2 cpbdur:2 q:41.03 aq:25.60 tex:16063 mv:17052 misc:6789 imb:2587 pmb:636 smb:4937 d:- ref:0 w:7,89,5,7,88,40,89,39 ;
in:397 out:398 type:b dur:2 cpbdur:2 q:41.03 aq:27.17 tex:3800 mv:3981 misc:2059 imb:190 pmb:197 smb:7773 d:- ref:0 ;
in:400 out:399 type:P dur:2 cpbdur:2 q:41.03 aq:23.29 tex:10630 mv:11102 misc:5108 imb:1928 pmb:466 smb:5766 d:- ref:0 w:4,9,7,7,77,51,75,53 ;
in:399 out:400 type:b dur:2 cpbdur:2 q:41.03 aq:23.79 tex:4037 mv:4471 misc:2764 imb:367 pmb:365 smb:7428 d:- ref:0 ;
in:401 out:401 type:P dur:2 cpbdur:2 q:41.03 aq:23.36 tex:10720 mv:12919 misc:5417 imb:3594 pmb:279 smb:4287 d:- ref:0 w:5,19,7,7,73,55,85,43 ;
in:402 out:402 type:P dur:2 cpbdur:2 q:41.03 aq:19.68 tex:24125 mv:12871 misc:2044 imb:7021 pmb:187 smb:952 d:- ref:0 w:7,43,11,7,55,73,44,84 ;
in:406 out:403 type:P dur:2 cpbdur:2 q:41.03 aq:17.00 tex:0 mv:0 misc:480 imb:0 pmb:0 smb:8160 d:- ref:0 w:0,0,16,7,1,127,1,127 ;
in:404 out:404 type:B dur:2 cpbdur:2 q:41.03 aq:20.00 tex:12 mv:7 misc:421 imb:0 pmb:1 smb:8159 d:- ref:0 ;
in:403 out:405 type:b dur:2 cpbdur:2 q:41.03 aq:22.00 tex:11 mv:7 misc:406 imb:0 pmb:1 smb:8159 d:- ref:0 ;
in:405 out:406 type:b dur:2 cpbdur:2 q:41.03 aq:22.00 tex:0 mv:0 misc:400 imb:0 pmb:0 smb:8160 d:- ref:0 ;
in:410 out:407 type:P dur:2 cpbdur:2 q:41.03 aq:17.00 tex:0 mv:0 misc:432 imb:0 pmb:0 smb:8160 d:- ref:0 ;
in:408 out:408 type:B dur:2 cpbdur:2 q:41.03 aq:21.00 tex:0 mv:0 misc:416 imb:0 pmb:0 smb:8160 d:- ref:0 ;
in:407 out:409 type:b dur:2 cpbdur:2 q:41.03 aq:22.00 tex:0 mv:0 misc:400 imb:0 pmb:0 smb:8160 d:- ref:0 ;
in:409 out:410 type:b dur:2 cpbdur:2 q:41.03 aq:22.00 tex:0 mv:0 misc:400 imb:0 pmb:0 smb:8160 d:- ref:0 ;
in:414 out:411 type:P dur:2 cpbdur:2 q:41.03 aq:17.00 tex:0 mv:0 misc:432 imb:0 pmb:0 smb:8160 d:- ref:0 ;
in:412 out:412 type:B dur:2 cpbdur:2 q:41.03 aq:21.00 tex:0 mv:0 misc:416 imb:0 pmb:0 smb:8160 d:- ref:0 ;
in:411 out:413 type:b dur:2 cpbdur:2 q:41.03 aq:22.00 tex:0 mv:0 misc:400 imb:0 pmb:0 smb:8160 d:- ref:0 ;
in:413 out:414 type:b dur:2 cpbdur:2 q:41.03 aq:22.00 tex:0 mv:0 misc:400 imb:0 pmb:0 smb:8160 d:- ref:0 ;
in:418 out:415 type:P dur:2 cpbdur:2 q:41.03 aq:17.00 tex:0 mv:0 misc:432 imb:0 pmb:0 smb:8160 d:- ref:0 ;
in:416 out:416 type:B dur:2 cpbdur:2 q:41.03 aq:21.00 tex:0 mv:0 misc:416 imb:0 pmb:0 smb:8160 d:- ref:0 ;
in:415 out:417 type:b dur:2 cpbdur:2 q:41.03 aq:22.00 tex:0 mv:0 misc:400 imb:0 pmb:0 smb:8160 d:- ref:0 ;
in:417 out:418 type:b dur:2 cpbdur:2 q:41.03 aq:22.00 tex:0 mv:0 misc:400 imb:0 pmb:0 smb:8160 d:- ref:0 ;
in:422 out:419 type:P dur:2 cpbdur:2 q:41.03 aq:17.00 tex:0 mv:0 misc:432 imb:0 pmb:0 smb:8160 d:- ref:0 ;
in:420 out:420 type:B dur:2 cpbdur:2 q:41.03 aq:21.00 tex:0 mv:0 misc:416 imb:0 pmb:0 smb:8160 d:- ref:0 ;
in:419 out:421 type:b dur:2 cpbdur:2 q:41.03 aq:22.00 tex:0 mv:0 misc:400 imb:0 pmb:0 smb:8160 d:- ref:0 ;
in:421 out:422 type:b dur:2 cpbdur:2 q:41.03 aq:22.00 tex:0 mv:0 misc:400 imb:0 pmb:0 smb:8160 d:- ref:0 ;
in:426 out:423 type:P dur:2 cpbdur:2 q:41.03 aq:17.00 tex:0 mv:0 misc:432 imb:0 pmb:0 smb:8160 d:- ref:0 ;
in:424 out:424 type:B dur:2 cpbdur:2 q:41.03 aq:21.00 tex:0 mv:0 misc:416 imb:0 pmb:0 smb:8160 d:- ref:0 ;
in:423 out:425 type:b dur:2 cpbdur:2 q:41.03 aq:22.00 tex:0 mv:0 misc:400 imb:0 pmb:0 smb:8160 d:- ref:0 ;
in:425 out:426 type:b dur:2 cpbdur:2 q:41.03 aq:22.00 tex:0 mv:0 misc:400 imb:0 pmb:0 smb:8160 d:- ref:0 ;
in:430 out:427 type:P dur:2 cpbdur:2 q:41.03 aq:17.00 tex:0 mv:0 misc:432 imb:0 pmb:0 smb:8160 d:- ref:0 ;
in:428 out:428 type:B dur:2 cpbdur:2 q:41.03 aq:21.00 tex:0 mv:0 misc:416 imb:0 pmb:0 smb:8160 d:- ref:0 ;
in:427 out:429 type:b dur:2 cpbdur:2 q:41.03 aq:22.00 tex:0 mv:0 misc:400 imb:0 pmb:0 smb:8160 d:- ref:0 ;
in:429 out:430 type:b dur:2 cpbdur:2 q:41.03 aq:22.00 tex:0 mv:0 misc:400 imb:0 pmb:0 smb:8160 d:- ref:0 ;
in:434 out:431 type:P dur:2 cpbdur:2 q:41.03 aq:17.00 tex:0 mv:0 misc:432 imb:0 pmb:0 smb:8160 d:- ref:0 ;
in:432 out:432 type:B dur:2 cpbdur:2 q:41.03 aq:21.00 tex:0 mv:0 misc:416 imb:0 pmb:0 smb:8160 d:- ref:0 ;
in:431 out:433 type:b dur:2 cpbdur:2 q:41.03 aq:22.00 tex:0 mv:0 misc:400 imb:0 pmb:0 smb:8160 d:- ref:0 ;
in:433 out:434 type:b dur:2 cpbdur:2 q:41.03 aq:22.00 tex:0 mv:0 misc:400 imb:0 pmb:0 smb:8160 d:- ref:0 ;
in:438 out:435 type:P dur:2 cpbdur:2 q:41.03 aq:17.00 tex:0 mv:0 misc:432 imb:0 pmb:0 smb:8160 d:- ref:0 ;
in:436 out:436 type:B dur:2 cpbdur:2 q:41.03 aq:21.00 tex:0 mv:0 misc:416 imb:0 pmb:0 smb:8160 d:- ref:0 ;
in:435 out:437 type:b dur:2 cpbdur:2 q:41.03 aq:22.00 tex:0 mv:0 misc:400 imb:0 pmb:0 smb:8160 d:- ref:0 ;
in:437 out:438 type:b dur:2 cpbdur:2 q:41.03 aq:22.00 tex:0 mv:0 misc:400 imb:0 pmb:0 smb:8160 d:- ref:0 ;
in:442 out:439 type:P dur:2 cpbdur:2 q:41.03 aq:17.00 tex:0 mv:0 misc:432 imb:0 pmb:0 smb:8160 d:- ref:0 ;
in:440 out:440 type:B dur:2 cpbdur:2 q:41.03 aq:21.00 tex:0 mv:0 misc:416 imb:0 pmb:0 smb:8160 d:- ref:0 ;
in:439 out:441 type:b dur:2 cpbdur:2 q:41.03 aq:22.00 tex:0 mv:0 misc:400 imb:0 pmb:0 smb:8160 d:- ref:0 ;
in:441 out:442 type:b dur:2 cpbdur:2 q:41.03 aq:22.00 tex:0 mv:0 misc:400 imb:0 pmb:0 smb:8160 d:- ref:0 ;
in:446 out:443 type:P dur:2 cpbdur:2 q:41.03 aq:17.00 tex:0 mv:0 misc:432 imb:0 pmb:0 smb:8160 d:- ref:0 ;
in:444 out:444 type:B dur:2 cpbdur:2 q:41.03 aq:21.00 tex:0 mv:0 misc:416 imb:0 pmb:0 smb:8160 d:- ref:0 ;
in:443 out:445 type:b dur:2 cpbdur:2 q:41.03 aq:22.00 tex:0 mv:0 misc:400 imb:0 pmb:0 smb:8160 d:- ref:0 ;
in:445 out:446 type:b dur:2 cpbdur:2 q:41.03 aq:22.00 tex:0 mv:0 misc:400 imb:0 pmb:0 smb:8160 d:- ref:0 ;
in:450 out:447 type:P dur:2 cpbdur:2 q:41.03 aq:17.00 tex:0 mv:0 misc:432 imb:0 pmb:0 smb:8160 d:- ref:0 ;
in:448 out:448 type:B dur:2 cpbdur:2 q:41.03 aq:21.00 tex:0 mv:0 misc:416 imb:0 pmb:0 smb:8160 d:- ref:0 ;
in:447 out:449 type:b dur:2 cpbdur:2 q:41.03 aq:22.00 tex:0 mv:0 misc:400 imb:0 pmb:0 smb:8160 d:- ref:0 ;
in:449 out:450 type:b dur:2 cpbdur:2 q:41.03 aq:22.00 tex:0 mv:0 misc:400 imb:0 pmb:0 smb:8160 d:- ref:0 ;
in:454 out:451 type:P dur:2 cpbdur:2 q:41.03 aq:17.00 tex:0 mv:0 misc:432 imb:0 pmb:0 smb:8160 d:- ref:0 ;
in:452 out:452 type:B dur:2 cpbdur:2 q:41.03 aq:21.00 tex:0 mv:0 misc:416 imb:0 pmb:0 smb:8160 d:- ref:0 ;
in:451 out:453 type:b dur:2 cpbdur:2 q:41.03 aq:22.00 tex:0 mv:0 misc:400 imb:0 pmb:0 smb:8160 d:- ref:0 ;
in:453 out:454 type:b dur:2 cpbdur:2 q:41.03 aq:22.00 tex:0 mv:0 misc:400 imb:0 pmb:0 smb:8160 d:- ref:0 ;
in:458 out:455 type:P dur:2 cpbdur:2 q:41.03 aq:17.00 tex:0 mv:0 misc:432 imb:0 pmb:0 smb:8160 d:- ref:0 ;
in:456 out:456 type:B dur:2 cpbdur:2 q:41.03 aq:21.00 tex:0 mv:0 misc:416 imb:0 pmb:0 smb:8160 d:- ref:0 ;
in:455 out:457 type:b dur:2 cpbdur:2 q:41.03 aq:22.00 tex:0 mv:0 misc:400 imb:0 pmb:0 smb:8160 d:- ref:0 ;
in:457 out:458 type:b dur:2 cpbdur:2 q:41.03 aq:22.00 tex:0 mv:0 misc:400 imb:0 pmb:0 smb:8160 d:- ref:0 ;
in:462 out:459 type:P dur:2 cpbdur:2 q:41.03 aq:17.00 tex:0 mv:0 misc:432 imb:0 pmb:0 smb:8160 d:- ref:0 ;
in:460 out:460 type:B dur:2 cpbdur:2 q:41.03 aq:21.00 tex:0 mv:0 misc:416 imb:0 pmb:0 smb:8160 d:- ref:0 ;
in:459 out:461 type:b dur:2 cpbdur:2 q:41.03 aq:22.00 tex:0 mv:0 misc:400 imb:0 pmb:0 smb:8160 d:- ref:0 ;
in:461 out:462 type:b dur:2 cpbdur:2 q:41.03 aq:22.00 tex:0 mv:0 misc:400 imb:0 pmb:0 smb:8160 d:- ref:0 ;
in:466 out:463 type:P dur:2 cpbdur:2 q:41.03 aq:17.00 tex:0 mv:0 misc:432 imb:0 pmb:0 smb:8160 d:- ref:0 ;
in:464 out:464 type:B dur:2 cpbdur:2 q:41.03 aq:21.00 tex:0 mv:0 misc:416 imb:0 pmb:0 smb:8160 d:- ref:0 ;
in:463 out:465 type:b dur:2 cpbdur:2 q:41.03 aq:22.00 tex:0 mv:0 misc:400 imb:0 pmb:0 smb:8160 d:- ref:0 ;
in:465 out:466 type:b dur:2 cpbdur:2 q:41.03 aq:22.00 tex:0 mv:0 misc:400 imb:0 pmb:0 smb:8160 d:- ref:0 ;
in:470 out:467 type:P dur:2 cpbdur:2 q:41.03 aq:17.00 tex:0 mv:0 misc:432 imb:0 pmb:0 smb:8160 d:- ref:0 ;
in:468 out:468 type:B dur:2 cpbdur:2 q:41.03 aq:21.00 tex:0 mv:0 misc:416 imb:0 pmb:0 smb:8160 d:- ref:0 ;
in:467 out:469 type:b dur:2 cpbdur:2 q:41.03 aq:22.00 tex:0 mv:0 misc:400 imb:0 pmb:0 smb:8160 d:- ref:0 ;
in:469 out:470 type:b dur:2 cpbdur:2 q:41.03 aq:22.00 tex:0 mv:0 misc:400 imb:0 pmb:0 smb:8160 d:- ref:0 ;
in:474 out:471 type:P dur:2 cpbdur:2 q:41.03 aq:17.00 tex:0 mv:0 misc:432 imb:0 pmb:0 smb:8160 d:- ref:0 ;
in:472 out:472 type:B dur:2 cpbdur:2 q:41.03 aq:21.00 tex:0 mv:0 misc:416 imb:0 pmb:0 smb:8160 d:- ref:0 ;
in:471 out:473 type:b dur:2 cpbdur:2 q:41.03 aq:22.00 tex:0 mv:0 misc:400 imb:0 pmb:0 smb:8160 d:- ref:0 ;
in:473 out:474 type:b dur:2 cpbdur:2 q:41.03 aq:22.00 tex:0 mv:0 misc:400 imb:0 pmb:0 smb:8160 d:- ref:0 ;
in:478 out:475 type:P dur:2 cpbdur:2 q:41.03 aq:17.00 tex:0 mv:0 misc:432 imb:0 pmb:0 smb:8160 d:- ref:0 ;
in:476 out:476 type:B dur:2 cpbdur:2 q:41.03 aq:21.00 tex:0 mv:0 misc:416 imb:0 pmb:0 smb:8160 d:- ref:0 ;
in:475 out:477 type:b dur:2 cpbdur:2 q:41.03 aq:22.00 tex:0 mv:0 misc:400 imb:0 pmb:0 smb:8160 d:- ref:0 ;
in:477 out:478 type:b dur:2 cpbdur:2 q:41.03 aq:22.00 tex:0 mv:0 misc:400 imb:0 pmb:0 smb:8160 d:- ref:0 ;
in:482 out:479 type:P dur:2 cpbdur:2 q:41.03 aq:17.00 tex:0 mv:0 misc:432 imb:0 pmb:0 smb:8160 d:- ref:0 ;
in:480 out:480 type:B dur:2 cpbdur:2 q:41.03 aq:21.00 tex:0 mv:0 misc:416 imb:0 pmb:0 smb:8160 d:- ref:0 ;
in:479 out:481 type:b dur:2 cpbdur:2 q:41.03 aq:22.00 tex:0 mv:0 misc:400 imb:0 pmb:0 smb:8160 d:- ref:0 ;
in:481 out:482 type:b dur:2 cpbdur:2 q:41.03 aq:22.00 tex:0 mv:0 misc:400 imb:0 pmb:0 smb:8160 d:- ref:0 ;
in:486 out:483 type:P dur:2 cpbdur:2 q:41.03 aq:17.00 tex:0 mv:0 misc:432 imb:0 pmb:0 smb:8160 d:- ref:0 ;
in:484 out:484 type:B dur:2 cpbdur:2 q:41.03 aq:21.00 tex:0 mv:0 misc:416 imb:0 pmb:0 smb:8160 d:- ref:0 ;
in:483 out:485 type:b dur:2 cpbdur:2 q:41.03 aq:22.00 tex:0 mv:0 misc:400 imb:0 pmb:0 smb:8160 d:- ref:0 ;
in:485 out:486 type:b dur:2 cpbdur:2 q:41.03 aq:22.00 tex:0 mv:0 misc:400 imb:0 pmb:0 smb:8160 d:- ref:0 ;
in:490 out:487 type:P dur:2 cpbdur:2 q:41.03 aq:17.00 tex:0 mv:0 misc:432 imb:0 pmb:0 smb:8160 d:- ref:0 ;
in:488 out:488 type:B dur:2 cpbdur:2 q:41.03 aq:21.00 tex:0 mv:0 misc:416 imb:0 pmb:0 smb:8160 d:- ref:0 ;
in:487 out:489 type:b dur:2 cpbdur:2 q:41.03 aq:22.00 tex:0 mv:0 misc:400 imb:0 pmb:0 smb:8160 d:- ref:0 ;
in:489 out:490 type:b dur:2 cpbdur:2 q:41.03 aq:22.00 tex:0 mv:0 misc:400 imb:0 pmb:0 smb:8160 d:- ref:0 ;
in:494 out:491 type:P dur:2 cpbdur:2 q:41.03 aq:17.00 tex:0 mv:0 misc:432 imb:0 pmb:0 smb:8160 d:- ref:0 ;
in:492 out:492 type:B dur:2 cpbdur:2 q:41.03 aq:21.00 tex:0 mv:0 misc:416 imb:0 pmb:0 smb:8160 d:- ref:0 ;
in:491 out:493 type:b dur:2 cpbdur:2 q:41.03 aq:22.00 tex:0 mv:0 misc:400 imb:0 pmb:0 smb:8160 d:- ref:0 ;
in:493 out:494 type:b dur:2 cpbdur:2 q:41.03 aq:22.00 tex:0 mv:0 misc:400 imb:0 pmb:0 smb:8160 d:- ref:0 ;
in:498 out:495 type:P dur:2 cpbdur:2 q:41.03 aq:17.00 tex:0 mv:0 misc:432 imb:0 pmb:0 smb:8160 d:- ref:0 ;
in:496 out:496 type:B dur:2 cpbdur:2 q:41.03 aq:21.00 tex:0 mv:0 misc:416 imb:0 pmb:0 smb:8160 d:- ref:0 ;
in:495 out:497 type:b dur:2 cpbdur:2 q:41.03 aq:22.00 tex:0 mv:0 misc:400 imb:0 pmb:0 smb:8160 d:- ref:0 ;
in:497 out:498 type:b dur:2 cpbdur:2 q:41.03 aq:22.00 tex:0 mv:0 misc:400 imb:0 pmb:0 smb:8160 d:- ref:0 ;
in:502 out:499 type:P dur:2 cpbdur:2 q:41.03 aq:17.00 tex:0 mv:0 misc:432 imb:0 pmb:0 smb:8160 d:- ref:0 ;
in:500 out:500 type:B dur:2 cpbdur:2 q:41.03 aq:21.00 tex:0 mv:0 misc:416 imb:0 pmb:0 smb:8160 d:- ref:0 ;
in:499 out:501 type:b dur:2 cpbdur:2 q:41.03 aq:22.00 tex:0 mv:0 misc:400 imb:0 pmb:0 smb:8160 d:- ref:0 ;
in:501 out:502 type:b dur:2 cpbdur:2 q:41.03 aq:22.00 tex:0 mv:0 misc:400 imb:0 pmb:0 smb:8160 d:- ref:0 ;
in:506 out:503 type:P dur:2 cpbdur:2 q:41.03 aq:17.00 tex:0 mv:0 misc:432 imb:0 pmb:0 smb:8160 d:- ref:0 ;
in:504 out:504 type:B dur:2 cpbdur:2 q:41.03 aq:21.00 tex:0 mv:0 misc:416 imb:0 pmb:0 smb:8160 d:- ref:0 ;
in:503 out:505 type:b dur:2 cpbdur:2 q:41.03 aq:22.00 tex:0 mv:0 misc:400 imb:0 pmb:0 smb:8160 d:- ref:0 ;
in:505 out:506 type:b dur:2 cpbdur:2 q:41.03 aq:22.00 tex:0 mv:0 misc:400 imb:0 pmb:0 smb:8160 d:- ref:0 ;
in:510 out:507 type:P dur:2 cpbdur:2 q:41.03 aq:17.00 tex:0 mv:0 misc:432 imb:0 pmb:0 smb:8160 d:- ref:0 ;
in:508 out:508 type:B dur:2 cpbdur:2 q:41.03 aq:21.00 tex:0 mv:0 misc:416 imb:0 pmb:0 smb:8160 d:- ref:0 ;
in:507 out:509 type:b dur:2 cpbdur:2 q:41.03 aq:22.00 tex:0 mv:0 misc:400 imb:0 pmb:0 smb:8160 d:- ref:0 ;
in:509 out:510 type:b dur:2 cpbdur:2 q:41.03 aq:22.00 tex:0 mv:0 misc:400 imb:0 pmb:0 smb:8160 d:- ref:0 ;
in:514 out:511 type:P dur:2 cpbdur:2 q:41.03 aq:17.00 tex:0 mv:0 misc:432 imb:0 pmb:0 smb:8160 d:- ref:0 ;
in:512 out:512 type:B dur:2 cpbdur:2 q:41.03 aq:21.00 tex:0 mv:0 misc:416 imb:0 pmb:0 smb:8160 d:- ref:0 ;
in:511 out:513 type:b dur:2 cpbdur:2 q:41.03 aq:22.00 tex:0 mv:0 misc:400 imb:0 pmb:0 smb:8160 d:- ref:0 ;
in:513 out:514 type:b dur:2 cpbdur:2 q:41.03 aq:22.00 tex:0 mv:0 misc:400 imb:0 pmb:0 smb:8160 d:- ref:0 ;
in:518 out:515 type:P dur:2 cpbdur:2 q:41.03 aq:17.00 tex:0 mv:0 misc:432 imb:0 pmb:0 smb:8160 d:- ref:0 ;
in:516 out:516 type:B dur:2 cpbdur:2 q:41.03 aq:21.00 tex:0 mv:0 misc:416 imb:0 pmb:0 smb:8160 d:- ref:0 ;
in:515 out:517 type:b dur:2 cpbdur:2 q:41.03 aq:22.00 tex:0 mv:0 misc:400 imb:0 pmb:0 smb:8160 d:- ref:0 ;
in:517 out:518 type:b dur:2 cpbdur:2 q:41.03 aq:22.00 tex:0 mv:0 misc:400 imb:0 pmb:0 smb:8160 d:- ref:0 ;
in:522 out:519 type:P dur:2 cpbdur:2 q:41.03 aq:17.00 tex:0 mv:0 misc:432 imb:0 pmb:0 smb:8160 d:- ref:0 ;
in:520 out:520 type:B dur:2 cpbdur:2 q:41.03 aq:21.00 tex:0 mv:0 misc:416 imb:0 pmb:0 smb:8160 d:- ref:0 ;
in:519 out:521 type:b dur:2 cpbdur:2 q:41.03 aq:22.00 tex:0 mv:0 misc:400 imb:0 pmb:0 smb:8160 d:- ref:0 ;
in:521 out:522 type:b dur:2 cpbdur:2 q:41.03 aq:22.00 tex:0 mv:0 misc:400 imb:0 pmb:0 smb:8160 d:- ref:0 ;
in:526 out:523 type:P dur:2 cpbdur:2 q:41.03 aq:17.00 tex:0 mv:0 misc:432 imb:0 pmb:0 smb:8160 d:- ref:0 ;
in:524 out:524 type:B dur:2 cpbdur:2 q:41.03 aq:21.00 tex:0 mv:0 misc:416 imb:0 pmb:0 smb:8160 d:- ref:0 ;
in:523 out:525 type:b dur:2 cpbdur:2 q:41.03 aq:22.00 tex:0 mv:0 misc:400 imb:0 pmb:0 smb:8160 d:- ref:0 ;
in:525 out:526 type:b dur:2 cpbdur:2 q:41.03 aq:22.00 tex:0 mv:0 misc:400 imb:0 pmb:0 smb:8160 d:- ref:0 ;
in:530 out:527 type:P dur:2 cpbdur:2 q:41.03 aq:17.00 tex:0 mv:0 misc:432 imb:0 pmb:0 smb:8160 d:- ref:0 ;
in:528 out:528 type:B dur:2 cpbdur:2 q:41.03 aq:21.00 tex:0 mv:0 misc:416 imb:0 pmb:0 smb:8160 d:- ref:0 ;
in:527 out:529 type:b dur:2 cpbdur:2 q:41.03 aq:22.00 tex:0 mv:0 misc:400 imb:0 pmb:0 smb:8160 d:- ref:0 ;
in:529 out:530 type:b dur:2 cpbdur:2 q:41.03 aq:22.00 tex:0 mv:0 misc:400 imb:0 pmb:0 smb:8160 d:- ref:0 ;
in:534 out:531 type:P dur:2 cpbdur:2 q:41.03 aq:18.00 tex:0 mv:0 misc:432 imb:0 pmb:0 smb:8160 d:- ref:0 ;
in:532 out:532 type:B dur:2 cpbdur:2 q:41.03 aq:21.00 tex:0 mv:0 misc:416 imb:0 pmb:0 smb:8160 d:- ref:0 ;
in:531 out:533 type:b dur:2 cpbdur:2 q:41.03 aq:22.00 tex:0 mv:0 misc:400 imb:0 pmb:0 smb:8160 d:- ref:0 ;
in:533 out:534 type:b dur:2 cpbdur:2 q:41.03 aq:22.00 tex:0 mv:0 misc:400 imb:0 pmb:0 smb:8160 d:- ref:0 ;
in:537 out:535 type:P dur:2 cpbdur:2 q:41.03 aq:22.00 tex:0 mv:0 misc:432 imb:0 pmb:0 smb:8160 d:- ref:0 ;
in:535 out:536 type:B dur:2 cpbdur:2 q:41.03 aq:22.00 tex:0 mv:0 misc:416 imb:0 pmb:0 smb:8160 d:- ref:0 ;
in:536 out:537 type:b dur:2 cpbdur:2 q:41.03 aq:22.00 tex:0 mv:0 misc:400 imb:0 pmb:0 smb:8160 d:- ref:0 ;
in:538 out:538 type:I dur:2 cpbdur:2 q:38.12 aq:15.00 tex:477 mv:1942 misc:469 imb:8160 pmb:0 smb:0 d:- ref:;
in:542 out:539 type:P dur:2 cpbdur:2 q:41.03 aq:18.00 tex:0 mv:0 misc:424 imb:0 pmb:0 smb:8160 d:- ref:0 ;
in:540 out:540 type:B dur:2 cpbdur:2 q:41.03 aq:21.00 tex:0 mv:0 misc:400 imb:0 pmb:0 smb:8160 d:- ref:0 ;
in:539 out:541 type:b dur:2 cpbdur:2 q:41.03 aq:22.00 tex:0 mv:0 misc:400 imb:0 pmb:0 smb:8160 d:- ref:0 ;
in:541 out:542 type:b dur:2 cpbdur:2 q:41.03 aq:22.00 tex:0 mv:0 misc:400 imb:0 pmb:0 smb:8160 d:- ref:0 ;
in:546 out:543 type:P dur:2 cpbdur:2 q:41.03 aq:19.00 tex:0 mv:0 misc:432 imb:0 pmb:0 smb:8160 d:- ref:0 ;
in:544 out:544 type:B dur:2 cpbdur:2 q:41.03 aq:21.00 tex:0 mv:0 misc:416 imb:0 pmb:0 smb:8160 d:- ref:0 ;
in:543 out:545 type:b dur:2 cpbdur:2 q:41.03 aq:22.00 tex:0 mv:0 misc:400 imb:0 pmb:0 smb:8160 d:- ref:0 ;
in:545 out:546 type:b dur:2 cpbdur:2 q:41.03 aq:22.00 tex:0 mv:0 misc:400 imb:0 pmb:0 smb:8160 d:- ref:0 ;
in:550 out:547 type:P dur:2 cpbdur:2 q:41.03 aq:21.00 tex:0 mv:0 misc:432 imb:0 pmb:0 smb:8160 d:- ref:0 ;
in:548 out:548 type:B dur:2 cpbdur:2 q:41.03 aq:21.00 tex:0 mv:0 misc:416 imb:0 pmb:0 smb:8160 d:- ref:0 ;
in:547 out:549 type:b dur:2 cpbdur:2 q:41.03 aq:22.00 tex:0 mv:0 misc:400 imb:0 pmb:0 smb:8160 d:- ref:0 ;
in:549 out:550 type:b dur:2 cpbdur:2 q:41.03 aq:22.00 tex:0 mv:0 misc:400 imb:0 pmb:0 smb:8160 d:- ref:0 ;
in:551 out:551 type:P dur:2 cpbdur:2 q:41.03 aq:22.00 tex:0 mv:0 misc:432 imb:0 pmb:0 smb:8160 d:- ref:0 ;
in:552 out:552 type:P dur:2 cpbdur:2 q:41.03 aq:21.32 tex:12948 mv:6973 misc:1111 imb:7130 pmb:13 smb:1017 d:- ref:0 w:0,9,-127 ;
in:553 out:553 type:P dur:2 cpbdur:2 q:41.03 aq:23.98 tex:29222 mv:15110 misc:692 imb:8018 pmb:34 smb:108 d:- ref:0 ;
in:554 out:554 type:i dur:2 cpbdur:2 q:38.12 aq:21.73 tex:67718 mv:32376 misc:290 imb:8160 pmb:0 smb:0 d:- ref:;
in:558 out:555 type:P dur:2 cpbdur:2 q:41.03 aq:27.42 tex:32768 mv:18535 misc:6289 imb:3184 pmb:812 smb:4164 d:- ref:0 w:3,21,-27,0,2,-128,1,0 ;
in:556 out:556 type:B dur:2 cpbdur:2 q:41.03 aq:24.03 tex:10292 mv:8111 misc:4237 imb:854 pmb:931 smb:6375 d:- ref:0 ;
in:555 out:557 type:b dur:2 cpbdur:2 q:41.03 aq:24.45 tex:4686 mv:3913 misc:3161 imb:341 pmb:704 smb:7115 d:- ref:0 ;
in:557 out:558 type:b dur:2 cpbdur:2 q:41.03 aq:25.24 tex:4855 mv:4119 misc:2810 imb:330 pmb:587 smb:7243 d:- ref:0 ;
in:562 out:559 type:P dur:2 cpbdur:2 q:41.03 aq:31.34 tex:42942 mv:21619 misc:6599 imb:2957 pmb:1055 smb:4148 d:- ref:0 w:6,103,-10,2,7,-96,4,0 ;
in:560 out:560 type:B dur:2 cpbdur:2 q:41.03 aq:28.15 tex:22715 mv:12154 misc:4187 imb:675 pmb:851 smb:6634 d:- ref:0 ;
in:559 out:561 type:b dur:2 cpbdur:2 q:41.03 aq:26.44 tex:3839 mv:3320 misc:1441 imb:184 pmb:185 smb:7791 d:- ref:0 ;
in:561 out:562 type:b dur:2 cpbdur:2 q:41.03 aq:30.66 tex:6039 mv:5455 misc:2402 imb:251 pmb:326 smb:7583 d:- ref:0 ;
in:565 out:563 type:P dur:2 cpbdur:2 q:41.03 aq:31.72 tex:106532 mv:32322 misc:5034 imb:4389 pmb:1608 smb:2163 d:- ref:0 w:5,41,-5,6,89,-50,64,0 ;
in:563 out:564 type:B dur:2 cpbdur:2 q:41.03 aq:33.45 tex:22200 mv:11228 misc:3140 imb:405 pmb:691 smb:7064 d:- ref:0 ;
in:564 out:565 type:b dur:2 cpbdur:2 q:41.03 aq:33.38 tex:8141 mv:7413 misc:2470 imb:192 pmb:456 smb:7512 d:- ref:0 ;
in:567 out:566 type:P dur:2 cpbdur:2 q:41.03 aq:32.53 tex:70899 mv:24148 misc:6281 imb:1728 pmb:1792 smb:4640 d:- ref:0 w:6,73,-2,5,39,-28,32,0 ;
in:566 out:567 type:b dur:2 cpbdur:2 q:41.03 aq:34.32 tex:5407 mv:6559 misc:2274 imb:104 pmb:405 smb:7651 d:- ref:0 ;
in:571 out:568 type:P dur:2 cpbdur:2 q:41.03 aq:33.28 tex:134997 mv:35273 misc:5298 imb:3848 pmb:2144 smb:2168 d:- ref:0 w:2,5,-4,5,43,-44,32,0 ;
in:569 out:569 type:B dur:2 cpbdur:2 q:41.03 aq:34.66 tex:32967 mv:13115 misc:3710 imb:414 pmb:1051 smb:6695 d:- ref:0 ;
in:568 out:570 type:b dur:2 cpbdur:2 q:41.03 aq:36.05 tex:6248 mv:6650 misc:1902 imb:179 pmb:368 smb:7613 d:- ref:0 ;
in:570 out:571 type:b dur:2 cpbdur:2 q:41.03 aq:36.72 tex:7769 mv:8276 misc:2539 imb:130 pmb:540 smb:7490 d:- ref:0 ;
in:572 out:572 type:P dur:2 cpbdur:2 q:41.03 aq:33.60 tex:82937 mv:24956 misc:6523 imb:2253 pmb:2329 smb:3578 d:- ref:0 w:6,67,-1,4,16,0,17,-8 ;
in:573 out:573 type:P dur:2 cpbdur:2 q:41.03 aq:32.87 tex:98478 mv:28363 misc:6695 imb:2338 pmb:2693 smb:3129 d:- ref:0 w:6,67,-1,4,17,-8,17,-8 ;
in:577 out:574 type:P dur:2 cpbdur:2 q:41.03 aq:33.13 tex:201315 mv:41627 misc:4858 imb:3529 pmb:2998 smb:1633 d:- ref:0 w:6,75,-2,2,5,-32,4,0 ;
in:575 out:575 type:B dur:2 cpbdur:2 q:41.03 aq:35.72 tex:31226 mv:13841 misc:3845 imb:373 pmb:998 smb:6789 d:- ref:0 ;
in:574 out:576 type:b dur:2 cpbdur:2 q:41.03 aq:36.93 tex:7194 mv:6234 misc:2076 imb:127 pmb:376 smb:7657 d:- ref:0 ;
in:576 out:577 type:b dur:2 cpbdur:2 q:41.03 aq:38.41 tex:7513 mv:7158 misc:2353 imb:104 pmb:460 smb:7596 d:- ref:0 ;
in:579 out:578 type:P dur:2 cpbdur:2 q:41.03 aq:33.15 tex:138246 mv:33840 misc:6434 imb:1695 pmb:3761 smb:2704 d:- ref:0 w:6,69,-2,5,35,-12,35,-12 ;
in:578 out:579 type:b dur:2 cpbdur:2 q:41.03 aq:40.80 tex:4514 mv:5083 misc:1787 imb:79 pmb:298 smb:7783 d:- ref:0 ;
in:581 out:580 type:P dur:2 cpbdur:2 q:41.03 aq:33.22 tex:156876 mv:31947 misc:6385 imb:1348 pmb:3983 smb:2829 d:- ref:0 w:4,17,0,6,70,-12,69,-10 ;
in:580 out:581 type:b dur:2 cpbdur:2 q:41.03 aq:38.60 tex:5781 mv:6097 misc:2106 imb:70 pmb:402 smb:7688 d:- ref:0 ;
in:584 out:582 type:P dur:2 cpbdur:2 q:41.03 aq:33.25 tex:145487 mv:27696 misc:6433 imb:895 pmb:3752 smb:3513 d:- ref:0 w:6,65,0 ;
in:582 out:583 type:B dur:2 cpbdur:2 q:41.03 aq:37.10 tex:11231 mv:12771 misc:4142 imb:220 pmb:1162 smb:6778 d:- ref:0 ;
in:583 out:584 type:b dur:2 cpbdur:2 q:41.03 aq:40.42 tex:2262 mv:4463 misc:1835 imb:15 pmb:380 smb:7765 d:- ref:0 ;
in:588 out:585 type:P dur:2 cpbdur:2 q:41.03 aq:33.33 tex:167790 mv:28808 misc:6282 imb:953 pmb:3735 smb:3472 d:- ref:0 ;
in:586 out:586 type:B dur:2 cpbdur:2 q:41.03 aq:36.63 tex:14174 mv:11102 misc:4724 imb:44 pmb:1311 smb:6805 d:- ref:0 ;
in:585 out:587 type:b dur:2 cpbdur:2 q:41.03 aq:39.48 tex:1834 mv:5073 misc:2013 imb:11 pmb:440 smb:7709 d:- ref:0 ;
in:587 out:588 type:b dur:2 cpbdur:2 q:41.03 aq:38.28 tex:2035 mv:3585 misc:1724 imb:4 pmb:362 smb:7794 d:- ref:0 ;
in:592 out:589 type:P dur:2 cpbdur:2 q:41.03 aq:33.59 tex:168136 mv:28207 misc:5505 imb:1400 pmb:3464 smb:3296 d:- ref:0 ;
in:590 out:590 type:B dur:2 cpbdur:2 q:41.03 aq:36.70 tex:9167 mv:8578 misc:3759 imb:22 pmb:988 smb:7150 d:- ref:0 ;
in:589 out:591 type:b dur:2 cpbdur:2 q:41.03 aq:41.69 tex:1567 mv:3503 misc:1530 imb:4 pmb:299 smb:7857 d:- ref:0 ;
in:591 out:592 type:b dur:2 cpbdur:2 q:41.03 aq:39.13 tex:2021 mv:3169 misc:1570 imb:8 pmb:320 smb:7832 d:- ref:0 ;
in:596 out:593 type:P dur:2 cpbdur:2 q:41.03 aq:33.44 tex:165005 mv:31699 misc:5672 imb:1534 pmb:3638 smb:2988 d:- ref:0 ;
in:594 out:594 type:B dur:2 cpbdur:2 q:41.03 aq:36.56 tex:10884 mv:7970 misc:3834 imb:21 pmb:907 smb:7232 d:- ref:0 ;
in:593 out:595 type:b dur:2 cpbdur:2 q:41.03 aq:40.33 tex:1968 mv:3682 misc:1862 imb:4 pmb:383 smb:7773 d:- ref:0 ;
in:595 out:596 type:b dur:2 cpbdur:2 q:41.03 aq:40.76 tex:1805 mv:3499 misc:1848 imb:10 pmb:333 smb:7817 d:- ref:0 ;
in:600 out:597 type:P dur:2 cpbdur:2 q:41.03 aq:33.27 tex:176382 mv:32051 misc:5759 imb:1222 pmb:4175 smb:2763 d:- ref:0 ;
in:598 out:598 type:B dur:2 cpbdur:2 q:41.03 aq:36.63 tex:8129 mv:10056 misc:4503 imb:15 pmb:1132 smb:7013 d:- ref:0 ;
in:597 out:599 type:b dur:2 cpbdur:2 q:41.03 aq:39.40 tex:2562 mv:3413 misc:1681 imb:2 pmb:325 smb:7833 d:- ref:0 ;
in:599 out:600 type:b dur:2 cpbdur:2 q:41.03 aq:38.57 tex:2817 mv:4783 misc:2136 imb:5 pmb:483 smb:7672 d:- ref:0 ;
in:604 out:601 type:P dur:2 cpbdur:2 q:41.03 aq:33.45 tex:141827 mv:29992 misc:6605 imb:877 pmb:4152 smb:3131 d:- ref:0 ;
in:602 out:602 type:B dur:2 cpbdur:2 q:41.03 aq:36.37 tex:8008 mv:9049 misc:4103 imb:29 pmb:997 smb:7134 d:- ref:0 ;
in:601 out:603 type:b dur:2 cpbdur:2 q:41.03 aq:38.62 tex:1569 mv:4543 misc:2040 imb:12 pmb:452 smb:7696 d:- ref:0 ;
in:603 out:604 type:b dur:2 cpbdur:2 q:41.03 aq:38.70 tex:2602 mv:4395 misc:2083 imb:11 pmb:459 smb:7690 d:- ref:0 ;
in:608 out:605 type:P dur:2 cpbdur:2 q:41.03 aq:33.66 tex:142845 mv:32495 misc:6124 imb:1222 pmb:4010 smb:2928 d:- ref:0 ;
in:606 out:606 type:B dur:2 cpbdur:2 q:41.03 aq:36.57 tex:10913 mv:11141 misc:4802 imb:35 pmb:1246 smb:6879 d:- ref:0 ;
in:605 out:607 type:b dur:2 cpbdur:2 q:41.03 aq:38.34 tex:3346 mv:6003 misc:2523 imb:18 pmb:593 smb:7549 d:- ref:0 ;
in:607 out:608 type:b dur:2 cpbdur:2 q:41.03 aq:39.22 tex:3058 mv:4605 misc:2137 imb:10 pmb:489 smb:7661 d:- ref:0 ;
in:612 out:609 type:P dur:2 cpbdur:2 q:41.03 aq:33.59 tex:160002 mv:34584 misc:5574 imb:1513 pmb:3834 smb:2813 d:- ref:0 ;
in:610 out:610 type:B dur:2 cpbdur:2 q:41.03 aq:37.02 tex:14273 mv:12003 misc:4836 imb:32 pmb:1297 smb:6831 d:- ref:0 ;
in:609 out:611 type:b dur:2 cpbdur:2 q:41.03 aq:40.15 tex:3175 mv:5538 misc:2407 imb:3 pmb:530 smb:7627 d:- ref:0 ;
in:611 out:612 type:b dur:2 cpbdur:2 q:41.03 aq:38.72 tex:4024 mv:5568 misc:2712 imb:14 pmb:561 smb:7585 d:- ref:0 ;
in:616 out:613 type:P dur:2 cpbdur:2 q:41.03 aq:33.66 tex:124465 mv:31502 misc:5985 imb:1126 pmb:3697 smb:3337 d:- ref:0 ;
in:614 out:614 type:B dur:2 cpbdur:2 q:41.03 aq:36.39 tex:15191 mv:14249 misc:5888 imb:39 pmb:1713 smb:6408 d:- ref:0 ;
in:613 out:615 type:b dur:2 cpbdur:2 q:41.03 aq:38.19 tex:5016 mv:6575 misc:3169 imb:12 pmb:699 smb:7449 d:- ref:0 ;
in:615 out:616 type:b dur:2 cpbdur:2 q:41.03 aq:38.68 tex:3277 mv:6040 misc:2899 imb:12 pmb:655 smb:7493 d:- ref:0 ;
in:620 out:617 type:P dur:2 cpbdur:2 q:41.03 aq:33.36 tex:143726 mv:36819 misc:5823 imb:1826 pmb:3509 smb:2825 d:- ref:0 ;
in:618 out:618 type:B dur:2 cpbdur:2 q:41.03 aq:35.94 tex:17085 mv:14320 misc:5763 imb:86 pmb:1618 smb:6456 d:- ref:0 ;
in:617 out:619 type:b dur:2 cpbdur:2 q:41.03 aq:41.08 tex:3354 mv:6154 misc:2740 imb:8 pmb:605 smb:7547 d:- ref:0 ;
in:619 out:620 type:b dur:2 cpbdur:2 q:41.03 aq:39.90 tex:4328 mv:6023 misc:2737 imb:19 pmb:593 smb:7548 d:- ref:0 ;
in:624 out:621 type:P dur:2 cpbdur:2 q:41.03 aq:33.68 tex:141968 mv:34095 misc:6401 imb:1460 pmb:3014 smb:3686 d:- ref:0 ;
in:622 out:622 type:B dur:2 cpbdur:2 q:41.03 aq:36.12 tex:11989 mv:14571 misc:5168 imb:86 pmb:1413 smb:6661 d:- ref:0 ;
in:621 out:623 type:b dur:2 cpbdur:2 q:41.03 aq:39.05 tex:2111 mv:6233 misc:2600 imb:26 pmb:586 smb:7548 d:- ref:0 ;
in:623 out:624 type:b dur:2 cpbdur:2 q:41.03 aq:37.29 tex:2358 mv:6653 misc:2853 imb:24 pmb:639 smb:7497 d:- ref:0 ;
in:628 out:625 type:P dur:2 cpbdur:2 q:41.03 aq:34.07 tex:121399 mv:37385 misc:6136 imb:2035 pmb:3155 smb:2970 d:- ref:0 ;
in:626 out:626 type:B dur:2 cpbdur:2 q:41.03 aq:35.93 tex:15198 mv:17319 misc:5883 imb:99 pmb:1695 smb:6366 d:- ref:0 ;
in:625 out:627 type:b dur:2 cpbdur:2 q:41.03 aq:37.58 tex:3406 mv:6921 misc:2897 imb:33 pmb:647 smb:7480 d:- ref:0 ;
in:627 out:628 type:b dur:2 cpbdur:2 q:41.03 aq:37.37 tex:4079 mv:7712 misc:3209 imb:36 pmb:755 smb:7369 d:- ref:0 ;
in:632 out:629 type:P dur:2 cpbdur:2 q:41.03 aq:34.52 tex:135239 mv:40158 misc:5611 imb:2791 pmb:2959 smb:2410 d:- ref:0 ;
in:630 out:630 type:B dur:2 cpbdur:2 q:41.03 aq:35.78 tex:27161 mv:19760 misc:6527 imb:149 pmb:2133 smb:5878 d:- ref:0 ;
in:629 out:631 type:b dur:2 cpbdur:2 q:41.03 aq:37.21 tex:4463 mv:9942 misc:3883 imb:45 pmb:905 smb:7210 d:- ref:0 ;
in:631 out:632 type:b dur:2 cpbdur:2 q:41.03 aq:38.13 tex:5675 mv:9787 misc:3970 imb:40 pmb:972 smb:7148 d:- ref:0 ;
in:634 out:633 type:P dur:2 cpbdur:2 q:41.03 aq:36.62 tex:44193 mv:20613 misc:6746 imb:1040 pmb:1851 smb:5269 d:- ref:0 ;
in:633 out:634 type:b dur:2 cpbdur:2 q:41.03 aq:38.61 tex:15978 mv:8993 misc:3989 imb:33 pmb:1006 smb:7121 d:- ref:0 ;
in:635 out:635 type:I dur:2 cpbdur:2 q:38.12 aq:31.22 tex:1011483 mv:243132 misc:665 imb:8160 pmb:0 smb:0 d:- ref:;
in:639 out:636 type:P dur:2 cpbdur:2 q:41.03 aq:33.91 tex:145666 mv:33469 misc:5113 imb:2250 pmb:4139 smb:1771 d:- ref:0 ;
in:637 out:637 type:B dur:2 cpbdur:2 q:41.03 aq:37.97 tex:23186 mv:21421 misc:3441 imb:405 pmb:1301 smb:6454 d:- ref:0 ;
in:636 out:638 type:b dur:2 cpbdur:2 q:41.03 aq:39.44 tex:10535 mv:12879 misc:2970 imb:136 pmb:992 smb:7032 d:- ref:0 ;
in:638 out:639 type:b dur:2 cpbdur:2 q:41.03 aq:38.86 tex:11623 mv:13990 misc:3075 imb:205 pmb:991 smb:6964 d:- ref:0 ;
in:643 out:640 type:P dur:2 cpbdur:2 q:41.03 aq:33.49 tex:302087 mv:38355 misc:2254 imb:2727 pmb:4624 smb:809 d:- ref:0 ;
in:641 out:641 type:B dur:2 cpbdur:2 q:41.03 aq:36.39 tex:24965 mv:23470 misc:4493 imb:577 pmb:1441 smb:6142 d:- ref:0 ;
in:640 out:642 type:b dur:2 cpbdur:2 q:41.03 aq:38.36 tex:10472 mv:14484 misc:3364 imb:191 pmb:1041 smb:6928 d:- ref:0 ;
in:642 out:643 type:b dur:2 cpbdur:2 q:41.03 aq:39.00 tex:11730 mv:14477 misc:3769 imb:277 pmb:1071 smb:6812 d:- ref:0 ;
in:647 out:644 type:P dur:2 cpbdur:2 q:41.03 aq:33.45 tex:336446 mv:36784 misc:2514 imb:2450 pmb:4620 smb:1090 d:- ref:0 ;
in:645 out:645 type:B dur:2 cpbdur:2 q:41.03 aq:37.06 tex:26826 mv:21219 misc:3931 imb:792 pmb:1205 smb:6163 d:- ref:0 ;
in:644 out:646 type:b dur:2 cpbdur:2 q:41.03 aq:38.73 tex:12729 mv:15293 misc:3034 imb:393 pmb:888 smb:6879 d:- ref:0 ;
in:646 out:647 type:b dur:2 cpbdur:2 q:41.03 aq:38.70 tex:17301 mv:14799 misc:2684 imb:449 pmb:882 smb:6829 d:- ref:0 ;
in:651 out:648 type:P dur:2 cpbdur:2 q:41.03 aq:33.81 tex:240357 mv:29533 misc:4846 imb:1875 pmb:4242 smb:2043 d:- ref:0 ;
in:649 out:649 type:B dur:2 cpbdur:2 q:41.03 aq:36.20 tex:30717 mv:16968 misc:4531 imb:711 pmb:1372 smb:6077 d:- ref:0 ;
in:648 out:650 type:b dur:2 cpbdur:2 q:41.03 aq:39.22 tex:16736 mv:13889 misc:2999 imb:532 pmb:817 smb:6811 d:- ref:0 ;
in:650 out:651 type:b dur:2 cpbdur:2 q:41.03 aq:38.00 tex:13405 mv:11228 misc:3159 imb:348 pmb:914 smb:6898 d:- ref:0 ;
in:655 out:652 type:P dur:2 cpbdur:2 q:41.03 aq:33.47 tex:299013 mv:34982 misc:2333 imb:2908 pmb:4771 smb:481 d:- ref:0 w:6,67,-7 ;
in:653 out:653 type:B dur:2 cpbdur:2 q:41.03 aq:36.56 tex:13567 mv:12805 misc:4076 imb:454 pmb:929 smb:6777 d:- ref:0 ;
in:652 out:654 type:b dur:2 cpbdur:2 q:41.03 aq:39.72 tex:6131 mv:8299 misc:2818 imb:172 pmb:676 smb:7312 d:- ref:0 ;
in:654 out:655 type:b dur:2 cpbdur:2 q:41.03 aq:38.06 tex:3133 mv:5598 misc:2965 imb:156 pmb:536 smb:7468 d:- ref:0 ;
in:659 out:656 type:P dur:2 cpbdur:2 q:41.03 aq:33.08 tex:245866 mv:32577 misc:3837 imb:2157 pmb:4790 smb:1213 d:- ref:0 w:7,125,5 ;
in:657 out:657 type:B dur:2 cpbdur:2 q:41.03 aq:36.77 tex:9261 mv:8881 misc:3154 imb:361 pmb:628 smb:7171 d:- ref:0 ;
in:656 out:658 type:b dur:2 cpbdur:2 q:41.03 aq:37.97 tex:1902 mv:4530 misc:2192 imb:64 pmb:412 smb:7684 d:- ref:0 ;
in:658 out:659 type:b dur:2 cpbdur:2 q:41.03 aq:37.14 tex:3001 mv:3358 misc:1889 imb:29 pmb:378 smb:7753 d:- ref:0 ;
in:663 out:660 type:P dur:2 cpbdur:2 q:41.03 aq:32.74 tex:194434 mv:24657 misc:4861 imb:836 pmb:5180 smb:2144 d:- ref:0 w:0,1,1 ;
in:661 out:661 type:B dur:2 cpbdur:2 q:41.03 aq:35.85 tex:5355 mv:6184 misc:3197 imb:45 pmb:674 smb:7441 d:- ref:0 ;
in:660 out:662 type:b dur:2 cpbdur:2 q:41.03 aq:37.86 tex:1383 mv:3687 misc:1930 imb:17 pmb:406 smb:7737 d:- ref:0 ;
in:662 out:663 type:b dur:2 cpbdur:2 q:41.03 aq:39.14 tex:1228 mv:3483 misc:2225 imb:15 pmb:448 smb:7697 d:- ref:0 ;
in:667 out:664 type:P dur:2 cpbdur:2 q:41.03 aq:32.71 tex:154309 mv:18800 misc:5979 imb:498 pmb:4626 smb:3036 d:- ref:0 ;
in:665 out:665 type:B dur:2 cpbdur:2 q:41.03 aq:37.45 tex:4764 mv:6234 misc:3130 imb:47 pmb:664 smb:7449 d:- ref:0 ;
in:664 out:666 type:b dur:2 cpbdur:2 q:41.03 aq:39.49 tex:1485 mv:2941 misc:1702 imb:13 pmb:316 smb:7831 d:- ref:0 ;
in:666 out:667 type:b dur:2 cpbdur:2 q:41.03 aq:38.99 tex:1041 mv:2661 misc:1538 imb:15 pmb:318 smb:7827 d:- ref:0 ;
in:671 out:668 type:P dur:2 cpbdur:2 q:41.03 aq:32.91 tex:201918 mv:23216 misc:5218 imb:707 pmb:5058 smb:2395 d:- ref:0 ;
in:669 out:669 type:B dur:2 cpbdur:2 q:41.03 aq:36.16 tex:2678 mv:3940 misc:2222 imb:28 pmb:454 smb:7678 d:- ref:0 ;
in:668 out:670 type:b dur:2 cpbdur:2 q:41.03 aq:36.68 tex:884 mv:1894 misc:1286 imb:26 pmb:195 smb:7939 d:- ref:0 ;
in:670 out:671 type:b dur:2 cpbdur:2 q:41.03 aq:40.61 tex:2190 mv:3841 misc:2217 imb:25 pmb:460 smb:7675 d:- ref:0 ;
in:675 out:672 type:P dur:2 cpbdur:2 q:41.03 aq:32.99 tex:119220 mv:18627 misc:6569 imb:853 pmb:4039 smb:3268 d:- ref:0 ;
in:673 out:673 type:B dur:2 cpbdur:2 q:41.03 aq:37.74 tex:4825 mv:5112 misc:2735 imb:62 pmb:555 smb:7543 d:- ref:0 ;
in:672 out:674 type:b dur:2 cpbdur:2 q:41.03 aq:40.07 tex:2009 mv:2134 misc:1441 imb:20 pmb:269 smb:7871 d:- ref:0 ;
in:674 out:675 type:b dur:2 cpbdur:2 q:41.03 aq:39.57 tex:1220 mv:2871 misc:1909 imb:11 pmb:345 smb:7804 d:- ref:0 ;
in:679 out:676 type:P dur:2 cpbdur:2 q:41.03 aq:33.51 tex:95202 mv:17130 misc:7172 imb:642 pmb:3739 smb:3779 d:- ref:0 ;
in:677 out:677 type:B dur:2 cpbdur:2 q:41.03 aq:35.65 tex:5205 mv:5140 misc:2847 imb:46 pmb:580 smb:7534 d:- ref:0 ;
in:676 out:678 type:b dur:2 cpbdur:2 q:41.03 aq:38.79 tex:798 mv:1704 misc:1306 imb:24 pmb:188 smb:7948 d:- ref:0 ;
in:678 out:679 type:b dur:2 cpbdur:2 q:41.03 aq:39.22 tex:875 mv:2455 misc:1638 imb:17 pmb:278 smb:7865 d:- ref:0 ;
in:683 out:680 type:P dur:2 cpbdur:2 q:41.03 aq:33.78 tex:46208 mv:13919 misc:6897 imb:619 pmb:2422 smb:5119 d:- ref:0 ;
in:681 out:681 type:B dur:2 cpbdur:2 q:41.03 aq:37.48 tex:5359 mv:6547 misc:3166 imb:63 pmb:748 smb:7349 d:- ref:0 ;
in:680 out:682 type:b dur:2 cpbdur:2 q:41.03 aq:40.20 tex:2251 mv:1879 misc:1486 imb:44 pmb:224 smb:7892 d:- ref:0 ;
in:682 out:683 type:b dur:2 cpbdur:2 q:41.03 aq:40.07 tex:1226 mv:3821 misc:2185 imb:30 pmb:471 smb:7659 d:- ref:0 ;
in:687 out:684 type:P dur:2 cpbdur:2 q:41.03 aq:35.50 tex:22243 mv:9185 misc:5388 imb:254 pmb:1490 smb:6416 d:- ref:0 ;
in:685 out:685 type:B dur:2 cpbdur:2 q:41.03 aq:36.79 tex:8172 mv:8309 misc:4551 imb:76 pmb:1082 smb:7002 d:- ref:0 ;
in:684 out:686 type:b dur:2 cpbdur:2 q:41.03 aq:37.67 tex:1753 mv:3924 misc:2147 imb:36 pmb:432 smb:7692 d:- ref:0 ;
in:686 out:687 type:b dur:2 cpbdur:2 q:41.03 aq:39.81 tex:3415 mv:2958 misc:1747 imb:31 pmb:336 smb:7793 d:- ref:0 ;
in:689 out:688 type:P dur:2 cpbdur:2 q:41.03 aq:38.18 tex:7455 mv:4900 misc:3645 imb:211 pmb:784 smb:7165 d:- ref:0 ;
in:688 out:689 type:b dur:2 cpbdur:2 q:41.03 aq:38.39 tex:54948 mv:6824 misc:3308 imb:151 pmb:1013 smb:6996 d:- ref:0 ;
in:690 out:690 type:I dur:2 cpbdur:2 q:38.12 aq:31.73 tex:569712 mv:149899 misc:725 imb:8160 pmb:0 smb:0 d:- ref:;
in:694 out:691 type:P dur:2 cpbdur:2 q:41.03 aq:33.96 tex:219133 mv:50249 misc:3378 imb:3877 pmb:3108 smb:1175 d:- ref:0 ;
in:692 out:692 type:B dur:2 cpbdur:2 q:41.03 aq:38.98 tex:37926 mv:25613 misc:3925 imb:576 pmb:1439 smb:6145 d:- ref:0 ;
in:691 out:693 type:b dur:2 cpbdur:2 q:41.03 aq:42.88 tex:18944 mv:16683 misc:2605 imb:286 pmb:999 smb:6875 d:- ref:0 ;
in:693 out:694 type:b dur:2 cpbdur:2 q:41.03 aq:40.28 tex:15205 mv:16481 misc:2906 imb:266 pmb:1052 smb:6842 d:- ref:0 ;
in:698 out:695 type:P dur:2 cpbdur:2 q:41.03 aq:34.33 tex:181456 mv:51046 misc:4058 imb:2992 pmb:3717 smb:1451 d:- ref:0 ;
in:696 out:696 type:B dur:2 cpbdur:2 q:41.03 aq:38.15 tex:33452 mv:27472 misc:5444 imb:338 pmb:2080 smb:5742 d:- ref:0 ;
in:695 out:697 type:b dur:2 cpbdur:2 q:41.03 aq:41.71 tex:10816 mv:15605 misc:3363 imb:122 pmb:1162 smb:6876 d:- ref:0 ;
in:697 out:698 type:b dur:2 cpbdur:2 q:41.03 aq:40.78 tex:12882 mv:12440 misc:3478 imb:66 pmb:1050 smb:7044 d:- ref:0 ;
in:702 out:699 type:P dur:2 cpbdur:2 q:41.03 aq:33.59 tex:251210 mv:56956 misc:3042 imb:3690 pmb:3529 smb:941 d:- ref:0 ;
in:700 out:700 type:B dur:2 cpbdur:2 q:41.03 aq:35.92 tex:38732 mv:30166 misc:6502 imb:378 pmb:2474 smb:5308 d:- ref:0 ;
in:699 out:701 type:b dur:2 cpbdur:2 q:41.03 aq:40.22 tex:12229 mv:15427 misc:4040 imb:124 pmb:1173 smb:6863 d:- ref:0 ;
in:701 out:702 type:b dur:2 cpbdur:2 q:41.03 aq:39.53 tex:15733 mv:17336 misc:4123 imb:94 pmb:1372 smb:6694 d:- ref:0 ;
in:706 out:703 type:P dur:2 cpbdur:2 q:41.03 aq:33.14 tex:200387 mv:46087 misc:5406 imb:2351 pmb:3540 smb:2269 d:- ref:0 ;
in:704 out:704 type:B dur:2 cpbdur:2 q:41.03 aq:37.50 tex:44742 mv:26196 misc:5662 imb:326 pmb:2130 smb:5704 d:- ref:0 ;
in:703 out:705 type:b dur:2 cpbdur:2 q:41.03 aq:41.32 tex:17654 mv:17125 misc:3861 imb:119 pmb:1306 smb:6735 d:- ref:0 ;
in:705 out:706 type:b dur:2 cpbdur:2 q:41.03 aq:40.17 tex:26218 mv:17555 misc:3691 imb:302 pmb:1241 smb:6617 d:- ref:0 ;
in:710 out:707 type:P dur:2 cpbdur:2 q:41.03 aq:32.75 tex:206394 mv:40132 misc:5874 imb:1349 pmb:3682 smb:3129 d:- ref:0 ;
in:708 out:708 type:B dur:2 cpbdur:2 q:41.03 aq:37.73 tex:33246 mv:20644 misc:4838 imb:216 pmb:1718 smb:6226 d:- ref:0 ;
in:707 out:709 type:b dur:2 cpbdur:2 q:41.03 aq:40.84 tex:16435 mv:13773 misc:3376 imb:136 pmb:1063 smb:6961 d:- ref:0 ;
in:709 out:710 type:b dur:2 cpbdur:2 q:41.03 aq:41.68 tex:9553 mv:12277 misc:3434 imb:33 pmb:1066 smb:7061 d:- ref:0 ;
in:714 out:711 type:P dur:2 cpbdur:2 q:41.03 aq:32.73 tex:146856 mv:36546 misc:6278 imb:968 pmb:3930 smb:3262 d:- ref:0 ;
in:712 out:712 type:B dur:2 cpbdur:2 q:41.03 aq:37.98 tex:21088 mv:14626 misc:4254 imb:48 pmb:1343 smb:6769 d:- ref:0 ;
in:711 out:713 type:b dur:2 cpbdur:2 q:41.03 aq:42.13 tex:7151 mv:9517 misc:3244 imb:18 pmb:938 smb:7204 d:- ref:0 ;
in:713 out:714 type:b dur:2 cpbdur:2 q:41.03 aq:40.49 tex:7326 mv:9925 misc:3229 imb:27 pmb:922 smb:7211 d:- ref:0 ;
in:718 out:715 type:P dur:2 cpbdur:2 q:41.03 aq:33.39 tex:158019 mv:39632 misc:5429 imb:1246 pmb:4275 smb:2639 d:- ref:0 ;
in:716 out:716 type:B dur:2 cpbdur:2 q:41.03 aq:37.55 tex:12269 mv:15141 misc:5142 imb:41 pmb:1578 smb:6541 d:- ref:0 ;
in:715 out:717 type:b dur:2 cpbdur:2 q:41.03 aq:41.17 tex:2459 mv:6683 misc:2978 imb:6 pmb:712 smb:7442 d:- ref:0 ;
in:717 out:718 type:b dur:2 cpbdur:2 q:41.03 aq:39.67 tex:5133 mv:7400 misc:3259 imb:14 pmb:838 smb:7308 d:- ref:0 ;
in:722 out:719 type:P dur:2 cpbdur:2 q:41.03 aq:32.82 tex:228673 mv:41192 misc:5127 imb:1397 pmb:4392 smb:2371 d:- ref:0 ;
in:720 out:720 type:B dur:2 cpbdur:2 q:41.03 aq:38.91 tex:21160 mv:18983 misc:5329 imb:96 pmb:1812 smb:6252 d:- ref:0 ;
in:719 out:721 type:b dur:2 cpbdur:2 q:41.03 aq:40.28 tex:6390 mv:12319 misc:3867 imb:16 pmb:1128 smb:7016 d:- ref:0 ;
in:721 out:722 type:b dur:2 cpbdur:2 q:41.03 aq:41.66 tex:6393 mv:8708 misc:2683 imb:18 pmb:785 smb:7357 d:- ref:0 ;
in:726 out:723 type:P dur:2 cpbdur:2 q:41.03 aq:32.66 tex:182733 mv:35277 misc:5830 imb:728 pmb:4577 smb:2855 d:- ref:0 ;
in:724 out:724 type:B dur:2 cpbdur:2 q:41.03 aq:38.64 tex:12764 mv:12905 misc:4955 imb:18 pmb:1655 smb:6487 d:- ref:0 ;
in:723 out:725 type:b dur:2 cpbdur:2 q:41.03 aq:40.10 tex:2388 mv:8489 misc:3075 imb:5 pmb:835 smb:7320 d:- ref:0 ;
in:725 out:726 type:b dur:2 cpbdur:2 q:41.03 aq:41.97 tex:2825 mv:7229 misc:2930 imb:4 pmb:735 smb:7421 d:- ref:0 ;
in:730 out:727 type:P dur:2 cpbdur:2 q:41.03 aq:32.66 tex:173422 mv:33239 misc:5835 imb:618 pmb:4520 smb:3022 d:- ref:0 ;
in:728 out:728 type:B dur:2 cpbdur:2 q:41.03 aq:37.72 tex:11459 mv:12662 misc:4767 imb:32 pmb:1391 smb:6737 d:- ref:0 ;
in:727 out:729 type:b dur:2 cpbdur:2 q:41.03 aq:39.27 tex:2258 mv:6001 misc:2533 imb:4 pmb:598 smb:7558 d:- ref:0 ;
in:729 out:730 type:b dur:2 cpbdur:2 q:41.03 aq:40.46 tex:1821 mv:5726 misc:2973 imb:2 pmb:706 smb:7452 d:- ref:0 ;
in:734 out:731 type:P dur:2 cpbdur:2 q:41.03 aq:32.64 tex:136862 mv:27480 misc:6506 imb:397 pmb:4110 smb:3653 d:- ref:0 ;
in:732 out:732 type:B dur:2 cpbdur:2 q:41.03 aq:36.43 tex:10045 mv:10780 misc:4983 imb:29 pmb:1447 smb:6684 d:- ref:0 ;
in:731 out:733 type:b dur:2 cpbdur:2 q:41.03 aq:39.02 tex:1978 mv:5067 misc:2667 imb:3 pmb:618 smb:7539 d:- ref:0 ;
in:733 out:734 type:b dur:2 cpbdur:2 q:41.03 aq:38.98 tex:1919 mv:4222 misc:2531 imb:2 pmb:569 smb:7589 d:- ref:0 ;
in:738 out:735 type:P dur:2 cpbdur:2 q:41.03 aq:32.44 tex:106466 mv:23904 misc:6950 imb:355 pmb:3696 smb:4109 d:- ref:0 ;
in:736 out:736 type:B dur:2 cpbdur:2 q:41.03 aq:38.10 tex:7676 mv:7930 misc:3770 imb:13 pmb:946 smb:7201 d:- ref:0 ;
in:735 out:737 type:b dur:2 cpbdur:2 q:41.03 aq:40.37 tex:1533 mv:4290 misc:2457 imb:6 pmb:534 smb:7620 d:- ref:0 ;
in:737 out:738 type:b dur:2 cpbdur:2 q:41.03 aq:39.80 tex:1693 mv:4371 misc:2416 imb:5 pmb:513 smb:7642 d:- ref:0 ;
in:742 out:739 type:P dur:2 cpbdur:2 q:41.03 aq:33.05 tex:97733 mv:21185 misc:6938 imb:237 pmb:3493 smb:4430 d:- ref:0 ;
in:740 out:740 type:B dur:2 cpbdur:2 q:41.03 aq:36.26 tex:6035 mv:6531 misc:3522 imb:19 pmb:797 smb:7344 d:- ref:0 ;
in:739 out:741 type:b dur:2 cpbdur:2 q:41.03 aq:37.87 tex:899 mv:3117 misc:1984 imb:4 pmb:390 smb:7766 d:- ref:0 ;
in:741 out:742 type:b dur:2 cpbdur:2 q:41.03 aq:42.12 tex:624 mv:1780 misc:1388 imb:1 pmb:221 smb:7938 d:- ref:0 ;
in:746 out:743 type:P dur:2 cpbdur:2 q:41.03 aq:33.11 tex:91446 mv:22246 misc:6988 imb:368 pmb:3376 smb:4416 d:- ref:0 ;
in:744 out:744 type:B dur:2 cpbdur:2 q:41.03 aq:36.08 tex:8249 mv:7651 misc:3708 imb:17 pmb:920 smb:7223 d:- ref:0 ;
in:743 out:745 type:b dur:2 cpbdur:2 q:41.03 aq:42.16 tex:2622 mv:4211 misc:2127 imb:1 pmb:458 smb:7701 d:- ref:0 ;
in:745 out:746 type:b dur:2 cpbdur:2 q:41.03 aq:36.96 tex:2186 mv:5026 misc:2652 imb:11 pmb:563 smb:7586 d:- ref:0 ;
in:750 out:747 type:P dur:2 cpbdur:2 q:41.03 aq:32.45 tex:152399 mv:33517 misc:6516 imb:778 pmb:4469 smb:2913 d:- ref:0 ;
in:748 out:748 type:B dur:2 cpbdur:2 q:41.03 aq:36.42 tex:9978 mv:12550 misc:5040 imb:38 pmb:1413 smb:6709 d:- ref:0 ;
in:747 out:749 type:b dur:2 cpbdur:2 q:41.03 aq:39.30 tex:1489 mv:6047 misc:3224 imb:2 pmb:733 smb:7425 d:- ref:0 ;
in:749 out:750 type:b dur:2 cpbdur:2 q:41.03 aq:37.36 tex:4085 mv:6810 misc:3177 imb:13 pmb:749 smb:7398 d:- ref:0 ;
in:754 out:751 type:P dur:2 cpbdur:2 q:41.03 aq:33.08 tex:70066 mv:20211 misc:6971 imb:229 pmb:3223 smb:4708 d:- ref:0 ;
in:752 out:752 type:B dur:2 cpbdur:2 q:41.03 aq:36.46 tex:4737 mv:8281 misc:3886 imb:8 pmb:1027 smb:7125 d:- ref:0 ;
in:751 out:753 type:b dur:2 cpbdur:2 q:41.03 aq:40.55 tex:1217 mv:5079 misc:2600 imb:5 pmb:586 smb:7569 d:- ref:0 ;
in:753 out:754 type:b dur:2 cpbdur:2 q:41.03 aq:41.07 tex:998 mv:2649 misc:1633 imb:1 pmb:314 smb:7845 d:- ref:0 ;
in:758 out:755 type:P dur:2 cpbdur:2 q:41.03 aq:33.63 tex:93738 mv:26866 misc:6892 imb:465 pmb:3515 smb:4180 d:- ref:0 ;
in:756 out:756 type:B dur:2 cpbdur:2 q:41.03 aq:37.28 tex:8201 mv:11158 misc:4665 imb:26 pmb:1282 smb:6852 d:- ref:0 ;
in:755 out:757 type:b dur:2 cpbdur:2 q:41.03 aq:42.08 tex:1205 mv:4323 misc:2200 imb:2 pmb:462 smb:7696 d:- ref:0 ;
in:757 out:758 type:b dur:2 cpbdur:2 q:41.03 aq:41.23 tex:1300 mv:3831 misc:2189 imb:2 pmb:456 smb:7702 d:- ref:0 ;
in:762 out:759 type:P dur:2 cpbdur:2 q:41.03 aq:33.47 tex:137175 mv:32008 misc:6025 imb:1431 pmb:2948 smb:3781 d:- ref:0 ;
in:760 out:760 type:B dur:2 cpbdur:2 q:41.03 aq:39.13 tex:29673 mv:21476 misc:4123 imb:359 pmb:1493 smb:6308 d:- ref:0 ;
in:759 out:761 type:b dur:2 cpbdur:2 q:41.03 aq:40.65 tex:11447 mv:12064 misc:2713 imb:174 pmb:858 smb:7128 d:- ref:0 ;
in:761 out:762 type:b dur:2 cpbdur:2 q:41.03 aq:39.46 tex:7808 mv:11071 misc:2633 imb:84 pmb:837 smb:7239 d:- ref:0 ;
in:766 out:763 type:P dur:2 cpbdur:2 q:41.03 aq:32.99 tex:176057 mv:42850 misc:5621 imb:1627 pmb:3979 smb:2554 d:- ref:0 ;
in:764 out:764 type:B dur:2 cpbdur:2 q:41.03 aq:38.21 tex:15617 mv:17900 misc:5267 imb:71 pmb:1678 smb:6411 d:- ref:0 ;
in:763 out:765 type:b dur:2 cpbdur:2 q:41.03 aq:41.06 tex:6987 mv:11820 misc:3745 imb:42 pmb:1027 smb:7091 d:- ref:0 ;
in:765 out:766 type:b dur:2 cpbdur:2 q:41.03 aq:40.53 tex:7643 mv:9040 misc:3453 imb:49 pmb:874 smb:7237 d:- ref:0 ;
in:770 out:767 type:P dur:2 cpbdur:2 q:41.03 aq:33.43 tex:104681 mv:32181 misc:6650 imb:1003 pmb:3497 smb:3660 d:- ref:0 ;
in:768 out:768 type:B dur:2 cpbdur:2 q:41.03 aq:37.39 tex:10401 mv:10490 misc:4309 imb:27 pmb:1147 smb:6986 d:- ref:0 ;
in:767 out:769 type:b dur:2 cpbdur:2 q:41.03 aq:38.78 tex:3827 mv:6504 misc:2933 imb:12 pmb:713 smb:7435 d:- ref:0 ;
in:769 out:770 type:b dur:2 cpbdur:2 q:41.03 aq:40.58 tex:3793 mv:5197 misc:2714 imb:9 pmb:657 smb:7494 d:- ref:0 ;
in:774 out:771 type:P dur:2 cpbdur:2 q:41.03 aq:34.98 tex:66591 mv:22192 misc:6569 imb:510 pmb:2630 smb:5020 d:- ref:0 ;
in:772 out:772 type:B dur:2 cpbdur:2 q:41.03 aq:36.36 tex:7224 mv:9232 misc:4344 imb:26 pmb:1122 smb:7012 d:- ref:0 ;
in:771 out:773 type:b dur:2 cpbdur:2 q:41.03 aq:42.13 tex:1557 mv:4720 misc:2531 imb:4 pmb:587 smb:7569 d:- ref:0 ;
in:773 out:774 type:b dur:2 cpbdur:2 q:41.03 aq:40.25 tex:1270 mv:3395 misc:2031 imb:3 pmb:382 smb:7775 d:- ref:0 ;
in:775 out:775 type:P dur:2 cpbdur:2 q:41.03 aq:33.99 tex:29851 mv:16217 misc:6876 imb:370 pmb:2208 smb:5582 d:- ref:0 w:6,63,0,7,125,3,124,4 ;
in:778 out:776 type:P dur:2 cpbdur:2 q:41.03 aq:33.96 tex:49249 mv:22495 misc:6712 imb:801 pmb:2392 smb:4967 d:- ref:0 w:7,115,2,5,29,12,29,12 ;
in:776 out:777 type:B dur:2 cpbdur:2 q:41.03 aq:37.30 tex:23372 mv:7795 misc:3073 imb:105 pmb:819 smb:7236 d:- ref:0 ;
in:777 out:778 type:b dur:2 cpbdur:2 q:41.03 aq:37.84 tex:6419 mv:4694 misc:1879 imb:34 pmb:384 smb:7742 d:- ref:0 ;
in:782 out:779 type:P dur:2 cpbdur:2 q:41.03 aq:34.83 tex:30710 mv:16975 misc:5835 imb:767 pmb:1601 smb:5792 d:- ref:0 w:5,27,3,7,108,20,107,21 ;
in:780 out:780 type:B dur:2 cpbdur:2 q:41.03 aq:36.08 tex:55455 mv:13882 misc:4687 imb:423 pmb:1287 smb:6450 d:- ref:0 ;
in:779 out:781 type:b dur:2 cpbdur:2 q:41.03 aq:35.96 tex:7511 mv:6369 misc:2576 imb:88 pmb:463 smb:7609 d:- ref:0 ;
in:781 out:782 type:b dur:2 cpbdur:2 q:41.03 aq:38.77 tex:4784 mv:4752 misc:2008 imb:30 pmb:384 smb:7746 d:- ref:0 ;
in:783 out:783 type:P dur:2 cpbdur:2 q:41.03 aq:34.34 tex:18871 mv:10553 misc:5216 imb:411 pmb:1290 smb:6459 d:- ref:0 w:6,61,1,7,122,6,123,5 ;
in:784 out:784 type:P dur:2 cpbdur:2 q:41.03 aq:34.35 tex:31346 mv:15462 misc:6088 imb:799 pmb:1461 smb:5900 d:- ref:0 w:6,61,1,6,61,6,62,4 ;
in:785 out:785 type:P dur:2 cpbdur:2 q:41.03 aq:33.01 tex:16497 mv:12451 misc:5708 imb:752 pmb:1057 smb:6351 d:- ref:0 w:6,61,0,6,61,6,60,8 ;
in:786 out:786 type:P dur:2 cpbdur:2 q:41.03 aq:33.13 tex:14522 mv:13009 misc:5973 imb:764 pmb:1139 smb:6257 d:- ref:0 w:6,61,0,7,121,7,121,7 ;
in:787 out:787 type:P dur:2 cpbdur:2 q:41.03 aq:32.95 tex:8015 mv:7357 misc:4156 imb:319 pmb:739 smb:7102 d:- ref:0 w:7,121,1,7,121,7,120,8 ;
in:788 out:788 type:P dur:2 cpbdur:2 q:41.03 aq:32.68 tex:29096 mv:16528 misc:6336 imb:925 pmb:1520 smb:5715 d:- ref:0 w:7,121,1,7,121,7,121,7 ;
in:789 out:789 type:P dur:2 cpbdur:2 q:41.03 aq:32.23 tex:12059 mv:10586 misc:5339 imb:361 pmb:1193 smb:6606 d:- ref:0 w:4,15,1,7,121,7,120,8 ;
in:791 out:790 type:P dur:2 cpbdur:2 q:41.03 aq:31.35 tex:16549 mv:14721 misc:6290 imb:948 pmb:1208 smb:6004 d:- ref:0 w:3,7,2,7,111,17,112,16 ;
in:790 out:791 type:b dur:2 cpbdur:2 q:41.03 aq:36.78 tex:1437 mv:2108 misc:1079 imb:26 pmb:131 smb:8003 d:- ref:0 ;
in:795 out:792 type:P dur:2 cpbdur:2 q:41.03 aq:29.86 tex:10248 mv:13976 misc:5712 imb:887 pmb:1013 smb:6260 d:- ref:0 w:6,45,5,6,45,38,45,38 ;
in:793 out:793 type:B dur:2 cpbdur:2 q:41.03 aq:32.09 tex:15585 mv:9075 misc:4124 imb:413 pmb:603 smb:7144 d:- ref:0 ;
in:792 out:794 type:b dur:2 cpbdur:2 q:41.03 aq:33.54 tex:4866 mv:5804 misc:2266 imb:110 pmb:376 smb:7674 d:- ref:0 ;
in:794 out:795 type:b dur:2 cpbdur:2 q:41.03 aq:32.10 tex:2902 mv:4052 misc:1846 imb:99 pmb:238 smb:7823 d:- ref:0 ;
in:798 out:796 type:P dur:2 cpbdur:2 q:41.03 aq:28.45 tex:6950 mv:9475 misc:4631 imb:589 pmb:659 smb:6912 d:- ref:0 w:4,11,5,7,87,41,87,41 ;
in:796 out:797 type:B dur:2 cpbdur:2 q:41.03 aq:30.28 tex:11373 mv:9084 misc:4335 imb:538 pmb:427 smb:7195 d:- ref:0 ;
in:797 out:798 type:b dur:2 cpbdur:2 q:41.03 aq:30.67 tex:3936 mv:4063 misc:2017 imb:147 pmb:212 smb:7801 d:- ref:0 ;
in:800 out:799 type:P dur:2 cpbdur:2 q:41.03 aq:25.67 tex:15188 mv:16259 misc:6849 imb:2197 pmb:622 smb:5341 d:- ref:0 w:7,89,5,6,44,40,45,38 ;
in:799 out:800 type:b dur:2 cpbdur:2 q:41.03 aq:28.85 tex:3487 mv:3875 misc:2030 imb:176 pmb:202 smb:7782 d:- ref:0 ;
in:801 out:801 type:P dur:2 cpbdur:2 q:41.03 aq:24.53 tex:9412 mv:10288 misc:5756 imb:1515 pmb:412 smb:6233 d:- ref:0 w:7,99,4,5,25,28,26,24 ;
in:802 out:802 type:P dur:2 cpbdur:2 q:41.03 aq:23.37 tex:6783 mv:7933 misc:4684 imb:1861 pmb:211 smb:6088 d:- ref:0 w:5,23,4,7,99,29,93,35 ;
in:803 out:803 type:P dur:2 cpbdur:2 q:41.03 aq:22.48 tex:5405 mv:8454 misc:4853 imb:2357 pmb:168 smb:5635 d:- ref:0 w:5,19,7,7,74,54,85,43 ;
in:804 out:804 type:P dur:2 cpbdur:2 q:41.03 aq:22.57 tex:8107 mv:8733 misc:3912 imb:5446 pmb:145 smb:2569 d:- ref:0 w:7,43,11,7,55,73,44,84 ;
